{"/Users/gayeonlee/Documents/2026/dadumi/src/App.tsx": {"path":"/Users/gayeonlee/Documents/2026/dadumi/src/App.tsx","all":false,"statementMap":{"0":{"start":{"line":1,"column":0},"end":{"line":1,"column":44}},"1":{"start":{"line":2,"column":0},"end":{"line":2,"column":28}},"2":{"start":{"line":3,"column":0},"end":{"line":3,"column":53}},"3":{"start":{"line":4,"column":0},"end":{"line":4,"column":88}},"6":{"start":{"line":7,"column":0},"end":{"line":7,"column":16}},"7":{"start":{"line":8,"column":0},"end":{"line":8,"column":57}},"8":{"start":{"line":9,"column":0},"end":{"line":9,"column":46}},"9":{"start":{"line":10,"column":0},"end":{"line":10,"column":73}},"12":{"start":{"line":13,"column":0},"end":{"line":13,"column":70}},"13":{"start":{"line":14,"column":0},"end":{"line":14,"column":63}},"14":{"start":{"line":15,"column":0},"end":{"line":15,"column":175}},"15":{"start":{"line":16,"column":0},"end":{"line":16,"column":4}},"18":{"start":{"line":19,"column":0},"end":{"line":19,"column":19}},"19":{"start":{"line":20,"column":0},"end":{"line":20,"column":48}},"22":{"start":{"line":23,"column":0},"end":{"line":23,"column":44}},"23":{"start":{"line":24,"column":0},"end":{"line":24,"column":79}},"24":{"start":{"line":25,"column":0},"end":{"line":25,"column":22}},"25":{"start":{"line":26,"column":0},"end":{"line":26,"column":42}},"26":{"start":{"line":27,"column":0},"end":{"line":27,"column":52}},"29":{"start":{"line":30,"column":0},"end":{"line":30,"column":64}},"30":{"start":{"line":31,"column":0},"end":{"line":31,"column":29}},"31":{"start":{"line":32,"column":0},"end":{"line":32,"column":19}},"32":{"start":{"line":33,"column":0},"end":{"line":33,"column":11}},"34":{"start":{"line":35,"column":0},"end":{"line":35,"column":33}},"35":{"start":{"line":36,"column":0},"end":{"line":36,"column":26}},"36":{"start":{"line":37,"column":0},"end":{"line":37,"column":9}},"37":{"start":{"line":38,"column":0},"end":{"line":38,"column":9}},"38":{"start":{"line":39,"column":0},"end":{"line":39,"column":6}},"39":{"start":{"line":40,"column":0},"end":{"line":40,"column":25}},"42":{"start":{"line":43,"column":0},"end":{"line":43,"column":56}},"44":{"start":{"line":45,"column":0},"end":{"line":45,"column":43}},"45":{"start":{"line":46,"column":0},"end":{"line":46,"column":27}},"47":{"start":{"line":48,"column":0},"end":{"line":48,"column":24}},"49":{"start":{"line":50,"column":0},"end":{"line":50,"column":17}},"50":{"start":{"line":51,"column":0},"end":{"line":51,"column":9}},"53":{"start":{"line":54,"column":0},"end":{"line":54,"column":48}},"54":{"start":{"line":55,"column":0},"end":{"line":55,"column":35}},"55":{"start":{"line":56,"column":0},"end":{"line":56,"column":34}},"56":{"start":{"line":57,"column":0},"end":{"line":57,"column":11}},"57":{"start":{"line":58,"column":0},"end":{"line":58,"column":7}},"60":{"start":{"line":61,"column":0},"end":{"line":61,"column":31}},"61":{"start":{"line":62,"column":0},"end":{"line":62,"column":25}},"62":{"start":{"line":63,"column":0},"end":{"line":63,"column":7}},"63":{"start":{"line":64,"column":0},"end":{"line":64,"column":6}},"65":{"start":{"line":66,"column":0},"end":{"line":66,"column":61}},"67":{"start":{"line":68,"column":0},"end":{"line":68,"column":18}},"68":{"start":{"line":69,"column":0},"end":{"line":69,"column":37}},"69":{"start":{"line":70,"column":0},"end":{"line":70,"column":66}},"70":{"start":{"line":71,"column":0},"end":{"line":71,"column":6}},"71":{"start":{"line":72,"column":0},"end":{"line":72,"column":42}},"73":{"start":{"line":74,"column":0},"end":{"line":74,"column":28}},"74":{"start":{"line":75,"column":0},"end":{"line":75,"column":21}},"76":{"start":{"line":77,"column":0},"end":{"line":77,"column":29}},"77":{"start":{"line":78,"column":0},"end":{"line":78,"column":4}},"79":{"start":{"line":80,"column":0},"end":{"line":80,"column":39}},"80":{"start":{"line":81,"column":0},"end":{"line":81,"column":44}},"81":{"start":{"line":82,"column":0},"end":{"line":82,"column":31}},"82":{"start":{"line":83,"column":0},"end":{"line":83,"column":30}},"83":{"start":{"line":84,"column":0},"end":{"line":84,"column":7}},"84":{"start":{"line":85,"column":0},"end":{"line":85,"column":4}},"86":{"start":{"line":87,"column":0},"end":{"line":87,"column":10}},"87":{"start":{"line":88,"column":0},"end":{"line":88,"column":9}},"88":{"start":{"line":89,"column":0},"end":{"line":89,"column":70}},"89":{"start":{"line":90,"column":0},"end":{"line":90,"column":23}},"90":{"start":{"line":91,"column":0},"end":{"line":91,"column":43}},"91":{"start":{"line":92,"column":0},"end":{"line":92,"column":23}},"92":{"start":{"line":93,"column":0},"end":{"line":93,"column":9}},"93":{"start":{"line":94,"column":0},"end":{"line":94,"column":8}},"96":{"start":{"line":97,"column":0},"end":{"line":97,"column":18}},"97":{"start":{"line":98,"column":0},"end":{"line":98,"column":21}},"98":{"start":{"line":99,"column":0},"end":{"line":99,"column":39}},"99":{"start":{"line":100,"column":0},"end":{"line":100,"column":29}},"100":{"start":{"line":101,"column":0},"end":{"line":101,"column":36}},"101":{"start":{"line":102,"column":0},"end":{"line":102,"column":40}},"102":{"start":{"line":103,"column":0},"end":{"line":103,"column":10}},"106":{"start":{"line":107,"column":0},"end":{"line":107,"column":22}},"107":{"start":{"line":108,"column":0},"end":{"line":108,"column":43}},"108":{"start":{"line":109,"column":0},"end":{"line":109,"column":36}},"109":{"start":{"line":110,"column":0},"end":{"line":110,"column":54}},"110":{"start":{"line":111,"column":0},"end":{"line":111,"column":16}},"112":{"start":{"line":113,"column":0},"end":{"line":113,"column":77}},"113":{"start":{"line":114,"column":0},"end":{"line":114,"column":101}},"114":{"start":{"line":115,"column":0},"end":{"line":115,"column":19}},"115":{"start":{"line":116,"column":0},"end":{"line":116,"column":35}},"116":{"start":{"line":117,"column":0},"end":{"line":117,"column":64}},"117":{"start":{"line":118,"column":0},"end":{"line":118,"column":37}},"118":{"start":{"line":119,"column":0},"end":{"line":119,"column":80}},"120":{"start":{"line":121,"column":0},"end":{"line":121,"column":66}},"121":{"start":{"line":122,"column":0},"end":{"line":122,"column":50}},"122":{"start":{"line":123,"column":0},"end":{"line":123,"column":52}},"123":{"start":{"line":124,"column":0},"end":{"line":124,"column":61}},"124":{"start":{"line":125,"column":0},"end":{"line":125,"column":56}},"125":{"start":{"line":126,"column":0},"end":{"line":126,"column":21}},"126":{"start":{"line":127,"column":0},"end":{"line":127,"column":16}},"128":{"start":{"line":129,"column":0},"end":{"line":129,"column":86}},"129":{"start":{"line":130,"column":0},"end":{"line":130,"column":103}},"130":{"start":{"line":131,"column":0},"end":{"line":131,"column":18}},"131":{"start":{"line":132,"column":0},"end":{"line":132,"column":25}},"132":{"start":{"line":133,"column":0},"end":{"line":133,"column":40}},"133":{"start":{"line":134,"column":0},"end":{"line":134,"column":69}},"134":{"start":{"line":135,"column":0},"end":{"line":135,"column":36}},"135":{"start":{"line":136,"column":0},"end":{"line":136,"column":89}},"136":{"start":{"line":137,"column":0},"end":{"line":137,"column":57}},"137":{"start":{"line":138,"column":0},"end":{"line":138,"column":14}},"138":{"start":{"line":139,"column":0},"end":{"line":139,"column":16}},"140":{"start":{"line":141,"column":0},"end":{"line":141,"column":70}},"142":{"start":{"line":143,"column":0},"end":{"line":143,"column":19}},"144":{"start":{"line":145,"column":0},"end":{"line":145,"column":94}},"145":{"start":{"line":146,"column":0},"end":{"line":146,"column":51}},"146":{"start":{"line":147,"column":0},"end":{"line":147,"column":16}},"147":{"start":{"line":148,"column":0},"end":{"line":148,"column":14}},"151":{"start":{"line":152,"column":0},"end":{"line":152,"column":33}},"152":{"start":{"line":153,"column":0},"end":{"line":153,"column":21}},"153":{"start":{"line":154,"column":0},"end":{"line":154,"column":30}},"154":{"start":{"line":155,"column":0},"end":{"line":155,"column":28}},"155":{"start":{"line":156,"column":0},"end":{"line":156,"column":41}},"156":{"start":{"line":157,"column":0},"end":{"line":157,"column":26}},"157":{"start":{"line":158,"column":0},"end":{"line":158,"column":47}},"158":{"start":{"line":159,"column":0},"end":{"line":159,"column":53}},"159":{"start":{"line":160,"column":0},"end":{"line":160,"column":31}},"160":{"start":{"line":161,"column":0},"end":{"line":161,"column":38}},"161":{"start":{"line":162,"column":0},"end":{"line":162,"column":11}},"162":{"start":{"line":163,"column":0},"end":{"line":163,"column":161}},"163":{"start":{"line":164,"column":0},"end":{"line":164,"column":85}},"164":{"start":{"line":165,"column":0},"end":{"line":165,"column":197}},"165":{"start":{"line":166,"column":0},"end":{"line":166,"column":14}},"166":{"start":{"line":167,"column":0},"end":{"line":167,"column":75}},"168":{"start":{"line":169,"column":0},"end":{"line":169,"column":16}},"169":{"start":{"line":170,"column":0},"end":{"line":170,"column":14}},"171":{"start":{"line":172,"column":0},"end":{"line":172,"column":10}},"173":{"start":{"line":174,"column":0},"end":{"line":174,"column":1}},"175":{"start":{"line":176,"column":0},"end":{"line":176,"column":19}}},"s":{"0":1,"1":1,"2":1,"3":1,"6":71,"7":71,"8":71,"9":71,"12":71,"13":71,"14":71,"15":71,"18":71,"19":59,"22":59,"23":59,"24":12,"25":12,"26":12,"29":12,"30":1,"31":1,"32":1,"34":11,"35":11,"36":11,"37":59,"38":59,"39":59,"42":59,"44":32,"45":1,"47":1,"49":0,"50":0,"53":1,"54":1,"55":1,"56":1,"57":1,"60":32,"61":1,"62":1,"63":32,"65":59,"67":59,"68":59,"69":59,"70":59,"71":71,"73":71,"74":1,"76":1,"77":1,"79":71,"80":6,"81":6,"82":6,"83":6,"84":6,"86":71,"87":71,"88":71,"89":71,"90":13,"91":1,"92":1,"93":13,"96":71,"97":10,"98":10,"99":10,"100":10,"101":10,"102":10,"106":71,"107":67,"108":67,"109":67,"110":67,"112":67,"113":67,"114":67,"115":67,"116":67,"117":67,"118":67,"120":67,"121":67,"122":67,"123":67,"124":67,"125":67,"126":67,"128":67,"129":67,"130":67,"131":67,"132":67,"133":67,"134":67,"135":67,"136":67,"137":67,"138":67,"140":67,"142":67,"144":67,"145":67,"146":67,"147":67,"151":71,"152":58,"153":58,"154":58,"155":58,"156":58,"157":58,"158":58,"159":58,"160":58,"161":58,"162":58,"163":58,"164":58,"165":58,"166":58,"168":58,"169":58,"171":71,"173":71,"175":1},"branchMap":{"0":{"type":"branch","line":7,"loc":{"start":{"line":7,"column":0},"end":{"line":174,"column":1}},"locations":[{"start":{"line":7,"column":0},"end":{"line":174,"column":1}}]},"1":{"type":"branch","line":89,"loc":{"start":{"line":89,"column":37},"end":{"line":89,"column":54}},"locations":[{"start":{"line":89,"column":37},"end":{"line":89,"column":54}}]},"2":{"type":"branch","line":89,"loc":{"start":{"line":89,"column":41},"end":{"line":89,"column":67}},"locations":[{"start":{"line":89,"column":41},"end":{"line":89,"column":67}}]},"3":{"type":"branch","line":97,"loc":{"start":{"line":97,"column":7},"end":{"line":103,"column":10}},"locations":[{"start":{"line":97,"column":7},"end":{"line":103,"column":10}}]},"4":{"type":"branch","line":107,"loc":{"start":{"line":107,"column":16},"end":{"line":148,"column":14}},"locations":[{"start":{"line":107,"column":16},"end":{"line":148,"column":14}}]},"5":{"type":"branch","line":152,"loc":{"start":{"line":152,"column":8},"end":{"line":152,"column":33}},"locations":[{"start":{"line":152,"column":8},"end":{"line":152,"column":33}}]},"6":{"type":"branch","line":152,"loc":{"start":{"line":152,"column":27},"end":{"line":170,"column":14}},"locations":[{"start":{"line":152,"column":27},"end":{"line":170,"column":14}}]},"7":{"type":"branch","line":19,"loc":{"start":{"line":19,"column":12},"end":{"line":72,"column":5}},"locations":[{"start":{"line":19,"column":12},"end":{"line":72,"column":5}}]},"8":{"type":"branch","line":23,"loc":{"start":{"line":23,"column":31},"end":{"line":39,"column":6}},"locations":[{"start":{"line":23,"column":31},"end":{"line":39,"column":6}}]},"9":{"type":"branch","line":24,"loc":{"start":{"line":24,"column":60},"end":{"line":38,"column":7}},"locations":[{"start":{"line":24,"column":60},"end":{"line":38,"column":7}}]},"10":{"type":"branch","line":26,"loc":{"start":{"line":26,"column":31},"end":{"line":26,"column":42}},"locations":[{"start":{"line":26,"column":31},"end":{"line":26,"column":42}}]},"11":{"type":"branch","line":27,"loc":{"start":{"line":27,"column":33},"end":{"line":27,"column":52}},"locations":[{"start":{"line":27,"column":33},"end":{"line":27,"column":52}}]},"12":{"type":"branch","line":30,"loc":{"start":{"line":30,"column":25},"end":{"line":30,"column":63}},"locations":[{"start":{"line":30,"column":25},"end":{"line":30,"column":63}}]},"13":{"type":"branch","line":30,"loc":{"start":{"line":30,"column":63},"end":{"line":33,"column":11}},"locations":[{"start":{"line":30,"column":63},"end":{"line":33,"column":11}}]},"14":{"type":"branch","line":33,"loc":{"start":{"line":33,"column":10},"end":{"line":37,"column":9}},"locations":[{"start":{"line":33,"column":10},"end":{"line":37,"column":9}}]},"15":{"type":"branch","line":43,"loc":{"start":{"line":43,"column":33},"end":{"line":64,"column":6}},"locations":[{"start":{"line":43,"column":33},"end":{"line":64,"column":6}}]},"16":{"type":"branch","line":45,"loc":{"start":{"line":45,"column":12},"end":{"line":45,"column":42}},"locations":[{"start":{"line":45,"column":12},"end":{"line":45,"column":42}}]},"17":{"type":"branch","line":45,"loc":{"start":{"line":45,"column":42},"end":{"line":58,"column":7}},"locations":[{"start":{"line":45,"column":42},"end":{"line":58,"column":7}}]},"18":{"type":"branch","line":48,"loc":{"start":{"line":48,"column":23},"end":{"line":51,"column":9}},"locations":[{"start":{"line":48,"column":23},"end":{"line":51,"column":9}}]},"19":{"type":"branch","line":61,"loc":{"start":{"line":61,"column":30},"end":{"line":63,"column":7}},"locations":[{"start":{"line":61,"column":30},"end":{"line":63,"column":7}}]},"20":{"type":"branch","line":68,"loc":{"start":{"line":68,"column":11},"end":{"line":71,"column":6}},"locations":[{"start":{"line":68,"column":11},"end":{"line":71,"column":6}}]},"21":{"type":"branch","line":69,"loc":{"start":{"line":69,"column":23},"end":{"line":69,"column":37}},"locations":[{"start":{"line":69,"column":23},"end":{"line":69,"column":37}}]},"22":{"type":"branch","line":74,"loc":{"start":{"line":74,"column":21},"end":{"line":78,"column":4}},"locations":[{"start":{"line":74,"column":21},"end":{"line":78,"column":4}}]},"23":{"type":"branch","line":80,"loc":{"start":{"line":80,"column":32},"end":{"line":85,"column":4}},"locations":[{"start":{"line":80,"column":32},"end":{"line":85,"column":4}}]},"24":{"type":"branch","line":90,"loc":{"start":{"line":90,"column":15},"end":{"line":94,"column":8}},"locations":[{"start":{"line":90,"column":15},"end":{"line":94,"column":8}}]},"25":{"type":"branch","line":91,"loc":{"start":{"line":91,"column":42},"end":{"line":93,"column":9}},"locations":[{"start":{"line":91,"column":42},"end":{"line":93,"column":9}}]},"26":{"type":"branch","line":117,"loc":{"start":{"line":117,"column":24},"end":{"line":117,"column":64}},"locations":[{"start":{"line":117,"column":24},"end":{"line":117,"column":64}}]},"27":{"type":"branch","line":134,"loc":{"start":{"line":134,"column":24},"end":{"line":134,"column":69}},"locations":[{"start":{"line":134,"column":24},"end":{"line":134,"column":69}}]}},"b":{"0":[71],"1":[4],"2":[67],"3":[10],"4":[67],"5":[61],"6":[58],"7":[59],"8":[59],"9":[12],"10":[1],"11":[8],"12":[11],"13":[1],"14":[11],"15":[32],"16":[2],"17":[1],"18":[0],"19":[1],"20":[59],"21":[57],"22":[1],"23":[6],"24":[13],"25":[1],"26":[2],"27":[31]},"fnMap":{"0":{"name":"App","decl":{"start":{"line":7,"column":0},"end":{"line":174,"column":1}},"loc":{"start":{"line":7,"column":0},"end":{"line":174,"column":1}},"line":7},"1":{"name":"setupTauriListener","decl":{"start":{"line":23,"column":31},"end":{"line":39,"column":6}},"loc":{"start":{"line":23,"column":31},"end":{"line":39,"column":6}},"line":23},"2":{"name":"handleBrowserKeyDown","decl":{"start":{"line":43,"column":33},"end":{"line":64,"column":6}},"loc":{"start":{"line":43,"column":33},"end":{"line":64,"column":6}},"line":43},"3":{"name":"handleHide","decl":{"start":{"line":74,"column":21},"end":{"line":78,"column":4}},"loc":{"start":{"line":74,"column":21},"end":{"line":78,"column":4}},"line":74},"4":{"name":"handleSimulateTrigger","decl":{"start":{"line":80,"column":32},"end":{"line":85,"column":4}},"loc":{"start":{"line":80,"column":32},"end":{"line":85,"column":4}},"line":80},"5":{"name":"onClick","decl":{"start":{"line":90,"column":15},"end":{"line":94,"column":8}},"loc":{"start":{"line":90,"column":15},"end":{"line":94,"column":8}},"line":90},"6":{"name":"onChange","decl":{"start":{"line":117,"column":24},"end":{"line":117,"column":64}},"loc":{"start":{"line":117,"column":24},"end":{"line":117,"column":64}},"line":117},"7":{"name":"onChange","decl":{"start":{"line":134,"column":24},"end":{"line":134,"column":69}},"loc":{"start":{"line":134,"column":24},"end":{"line":134,"column":69}},"line":134}},"f":{"0":71,"1":59,"2":32,"3":1,"4":6,"5":13,"6":2,"7":31}}
,"/Users/gayeonlee/Documents/2026/dadumi/src/main.tsx": {"path":"/Users/gayeonlee/Documents/2026/dadumi/src/main.tsx","all":true,"statementMap":{"0":{"start":{"line":1,"column":0},"end":{"line":1,"column":26}},"1":{"start":{"line":2,"column":0},"end":{"line":2,"column":40}},"2":{"start":{"line":3,"column":0},"end":{"line":3,"column":44}},"3":{"start":{"line":4,"column":0},"end":{"line":4,"column":24}},"4":{"start":{"line":5,"column":0},"end":{"line":5,"column":57}},"5":{"start":{"line":6,"column":0},"end":{"line":6,"column":61}},"6":{"start":{"line":7,"column":0},"end":{"line":7,"column":57}},"8":{"start":{"line":9,"column":0},"end":{"line":9,"column":43}},"9":{"start":{"line":10,"column":0},"end":{"line":10,"column":70}},"10":{"start":{"line":11,"column":0},"end":{"line":11,"column":89}},"11":{"start":{"line":12,"column":0},"end":{"line":12,"column":36}},"12":{"start":{"line":13,"column":0},"end":{"line":13,"column":107}},"13":{"start":{"line":14,"column":0},"end":{"line":14,"column":45}},"14":{"start":{"line":15,"column":0},"end":{"line":15,"column":1}},"16":{"start":{"line":17,"column":0},"end":{"line":17,"column":42}},"17":{"start":{"line":18,"column":0},"end":{"line":18,"column":54}},"18":{"start":{"line":19,"column":0},"end":{"line":19,"column":1}},"20":{"start":{"line":21,"column":0},"end":{"line":21,"column":17}},"21":{"start":{"line":22,"column":0},"end":{"line":22,"column":95}},"23":{"start":{"line":24,"column":0},"end":{"line":24,"column":19}},"24":{"start":{"line":25,"column":0},"end":{"line":25,"column":45}},"26":{"start":{"line":27,"column":0},"end":{"line":27,"column":22}},"27":{"start":{"line":28,"column":0},"end":{"line":28,"column":18}},"28":{"start":{"line":29,"column":0},"end":{"line":29,"column":11}},"29":{"start":{"line":30,"column":0},"end":{"line":30,"column":76}},"30":{"start":{"line":31,"column":0},"end":{"line":31,"column":50}},"31":{"start":{"line":32,"column":0},"end":{"line":32,"column":54}},"32":{"start":{"line":33,"column":0},"end":{"line":33,"column":34}},"33":{"start":{"line":34,"column":0},"end":{"line":34,"column":9}},"34":{"start":{"line":35,"column":0},"end":{"line":35,"column":15}},"36":{"start":{"line":37,"column":0},"end":{"line":37,"column":7}},"37":{"start":{"line":38,"column":0},"end":{"line":38,"column":9}},"39":{"start":{"line":40,"column":0},"end":{"line":40,"column":18}},"40":{"start":{"line":41,"column":0},"end":{"line":41,"column":21}},"41":{"start":{"line":42,"column":0},"end":{"line":42,"column":6}},"42":{"start":{"line":43,"column":0},"end":{"line":43,"column":23}},"44":{"start":{"line":45,"column":0},"end":{"line":45,"column":19}},"45":{"start":{"line":46,"column":0},"end":{"line":46,"column":73}},"46":{"start":{"line":47,"column":0},"end":{"line":47,"column":33}},"47":{"start":{"line":48,"column":0},"end":{"line":48,"column":74}},"48":{"start":{"line":49,"column":0},"end":{"line":49,"column":7}},"49":{"start":{"line":50,"column":0},"end":{"line":50,"column":23}},"51":{"start":{"line":52,"column":0},"end":{"line":52,"column":10}},"52":{"start":{"line":53,"column":0},"end":{"line":53,"column":22}},"53":{"start":{"line":54,"column":0},"end":{"line":54,"column":53}},"54":{"start":{"line":55,"column":0},"end":{"line":55,"column":23}},"56":{"start":{"line":57,"column":0},"end":{"line":57,"column":1}},"58":{"start":{"line":59,"column":0},"end":{"line":59,"column":75}},"59":{"start":{"line":60,"column":0},"end":{"line":60,"column":20}},"60":{"start":{"line":61,"column":0},"end":{"line":61,"column":12}},"61":{"start":{"line":62,"column":0},"end":{"line":62,"column":22}},"62":{"start":{"line":63,"column":0},"end":{"line":63,"column":2}}},"s":{"0":0,"1":0,"2":0,"3":0,"4":0,"5":0,"6":0,"8":0,"9":0,"10":0,"11":0,"12":0,"13":0,"14":0,"16":0,"17":0,"18":0,"20":0,"21":0,"23":0,"24":0,"26":0,"27":0,"28":0,"29":0,"30":0,"31":0,"32":0,"33":0,"34":0,"36":0,"37":0,"39":0,"40":0,"41":0,"42":0,"44":0,"45":0,"46":0,"47":0,"48":0,"49":0,"51":0,"52":0,"53":0,"54":0,"56":0,"58":0,"59":0,"60":0,"61":0,"62":0},"branchMap":{"0":{"type":"branch","line":1,"loc":{"start":{"line":1,"column":1742},"end":{"line":63,"column":-657}},"locations":[{"start":{"line":1,"column":1742},"end":{"line":63,"column":-657}}]}},"b":{"0":[0]},"fnMap":{"0":{"name":"(empty-report)","decl":{"start":{"line":1,"column":1742},"end":{"line":63,"column":-657}},"loc":{"start":{"line":1,"column":1742},"end":{"line":63,"column":-657}},"line":1}},"f":{"0":0}}
,"/Users/gayeonlee/Documents/2026/dadumi/src/components/FloatingMenu.tsx": {"path":"/Users/gayeonlee/Documents/2026/dadumi/src/components/FloatingMenu.tsx","all":false,"statementMap":{"0":{"start":{"line":1,"column":0},"end":{"line":1,"column":52}},"1":{"start":{"line":2,"column":0},"end":{"line":2,"column":58}},"2":{"start":{"line":3,"column":0},"end":{"line":3,"column":59}},"3":{"start":{"line":4,"column":0},"end":{"line":4,"column":57}},"4":{"start":{"line":5,"column":0},"end":{"line":5,"column":49}},"13":{"start":{"line":14,"column":0},"end":{"line":14,"column":24}},"14":{"start":{"line":15,"column":0},"end":{"line":15,"column":182}},"15":{"start":{"line":16,"column":0},"end":{"line":16,"column":35}},"16":{"start":{"line":17,"column":0},"end":{"line":17,"column":580}},"17":{"start":{"line":18,"column":0},"end":{"line":18,"column":8}},"20":{"start":{"line":21,"column":0},"end":{"line":21,"column":92}},"23":{"start":{"line":24,"column":0},"end":{"line":24,"column":22}},"24":{"start":{"line":25,"column":0},"end":{"line":25,"column":274}},"25":{"start":{"line":26,"column":0},"end":{"line":26,"column":370}},"26":{"start":{"line":27,"column":0},"end":{"line":27,"column":313}},"27":{"start":{"line":28,"column":0},"end":{"line":28,"column":244}},"28":{"start":{"line":29,"column":0},"end":{"line":29,"column":330}},"29":{"start":{"line":30,"column":0},"end":{"line":30,"column":2}},"31":{"start":{"line":32,"column":0},"end":{"line":32,"column":115}},"32":{"start":{"line":33,"column":0},"end":{"line":33,"column":9}},"33":{"start":{"line":34,"column":0},"end":{"line":34,"column":13}},"34":{"start":{"line":35,"column":0},"end":{"line":35,"column":27}},"35":{"start":{"line":36,"column":0},"end":{"line":36,"column":22}},"36":{"start":{"line":37,"column":0},"end":{"line":37,"column":24}},"37":{"start":{"line":38,"column":0},"end":{"line":38,"column":7}},"38":{"start":{"line":39,"column":0},"end":{"line":39,"column":20}},"40":{"start":{"line":41,"column":0},"end":{"line":41,"column":41}},"41":{"start":{"line":42,"column":0},"end":{"line":42,"column":55}},"43":{"start":{"line":44,"column":0},"end":{"line":44,"column":55}},"44":{"start":{"line":45,"column":0},"end":{"line":45,"column":55}},"45":{"start":{"line":46,"column":0},"end":{"line":46,"column":72}},"46":{"start":{"line":47,"column":0},"end":{"line":47,"column":58}},"47":{"start":{"line":48,"column":0},"end":{"line":48,"column":56}},"48":{"start":{"line":49,"column":0},"end":{"line":49,"column":52}},"49":{"start":{"line":50,"column":0},"end":{"line":50,"column":66}},"51":{"start":{"line":52,"column":0},"end":{"line":52,"column":52}},"52":{"start":{"line":53,"column":0},"end":{"line":53,"column":66}},"54":{"start":{"line":55,"column":0},"end":{"line":55,"column":56}},"55":{"start":{"line":56,"column":0},"end":{"line":56,"column":29}},"56":{"start":{"line":57,"column":0},"end":{"line":57,"column":26}},"57":{"start":{"line":58,"column":0},"end":{"line":58,"column":24}},"58":{"start":{"line":59,"column":0},"end":{"line":59,"column":26}},"60":{"start":{"line":61,"column":0},"end":{"line":61,"column":71}},"61":{"start":{"line":62,"column":0},"end":{"line":62,"column":55}},"63":{"start":{"line":64,"column":0},"end":{"line":64,"column":9}},"64":{"start":{"line":65,"column":0},"end":{"line":65,"column":56}},"65":{"start":{"line":66,"column":0},"end":{"line":66,"column":80}},"66":{"start":{"line":67,"column":0},"end":{"line":67,"column":8}},"67":{"start":{"line":68,"column":0},"end":{"line":68,"column":65}},"68":{"start":{"line":69,"column":0},"end":{"line":69,"column":104}},"69":{"start":{"line":70,"column":0},"end":{"line":70,"column":31}},"70":{"start":{"line":71,"column":0},"end":{"line":71,"column":15}},"71":{"start":{"line":72,"column":0},"end":{"line":72,"column":7}},"73":{"start":{"line":74,"column":0},"end":{"line":74,"column":99}},"74":{"start":{"line":75,"column":0},"end":{"line":75,"column":60}},"75":{"start":{"line":76,"column":0},"end":{"line":76,"column":38}},"76":{"start":{"line":77,"column":0},"end":{"line":77,"column":37}},"77":{"start":{"line":78,"column":0},"end":{"line":78,"column":28}},"78":{"start":{"line":79,"column":0},"end":{"line":79,"column":20}},"79":{"start":{"line":80,"column":0},"end":{"line":80,"column":42}},"80":{"start":{"line":81,"column":0},"end":{"line":81,"column":8}},"82":{"start":{"line":83,"column":0},"end":{"line":83,"column":25}},"83":{"start":{"line":84,"column":0},"end":{"line":84,"column":66}},"84":{"start":{"line":85,"column":0},"end":{"line":85,"column":120}},"85":{"start":{"line":86,"column":0},"end":{"line":86,"column":7}},"87":{"start":{"line":88,"column":0},"end":{"line":88,"column":86}},"88":{"start":{"line":89,"column":0},"end":{"line":89,"column":24}},"89":{"start":{"line":90,"column":0},"end":{"line":90,"column":38}},"90":{"start":{"line":91,"column":0},"end":{"line":91,"column":49}},"91":{"start":{"line":92,"column":0},"end":{"line":92,"column":7}},"92":{"start":{"line":93,"column":0},"end":{"line":93,"column":15}},"93":{"start":{"line":94,"column":0},"end":{"line":94,"column":29}},"94":{"start":{"line":95,"column":0},"end":{"line":95,"column":40}},"95":{"start":{"line":96,"column":0},"end":{"line":96,"column":5}},"96":{"start":{"line":97,"column":0},"end":{"line":97,"column":4}},"98":{"start":{"line":99,"column":0},"end":{"line":99,"column":28}},"99":{"start":{"line":100,"column":0},"end":{"line":100,"column":40}},"100":{"start":{"line":101,"column":0},"end":{"line":101,"column":27}},"101":{"start":{"line":102,"column":0},"end":{"line":102,"column":4}},"103":{"start":{"line":104,"column":0},"end":{"line":104,"column":19}},"104":{"start":{"line":105,"column":0},"end":{"line":105,"column":48}},"105":{"start":{"line":106,"column":0},"end":{"line":106,"column":55}},"106":{"start":{"line":107,"column":0},"end":{"line":107,"column":5}},"108":{"start":{"line":109,"column":0},"end":{"line":109,"column":9}},"110":{"start":{"line":111,"column":0},"end":{"line":111,"column":19}},"111":{"start":{"line":112,"column":0},"end":{"line":112,"column":45}},"112":{"start":{"line":113,"column":0},"end":{"line":113,"column":49}},"114":{"start":{"line":115,"column":0},"end":{"line":115,"column":34}},"115":{"start":{"line":116,"column":0},"end":{"line":116,"column":27}},"116":{"start":{"line":117,"column":0},"end":{"line":117,"column":66}},"117":{"start":{"line":118,"column":0},"end":{"line":118,"column":39}},"118":{"start":{"line":119,"column":0},"end":{"line":119,"column":27}},"119":{"start":{"line":120,"column":0},"end":{"line":120,"column":86}},"120":{"start":{"line":121,"column":0},"end":{"line":121,"column":65}},"121":{"start":{"line":122,"column":0},"end":{"line":122,"column":27}},"122":{"start":{"line":123,"column":0},"end":{"line":123,"column":58}},"123":{"start":{"line":124,"column":0},"end":{"line":124,"column":35}},"124":{"start":{"line":125,"column":0},"end":{"line":125,"column":54}},"125":{"start":{"line":126,"column":0},"end":{"line":126,"column":7}},"126":{"start":{"line":127,"column":0},"end":{"line":127,"column":6}},"127":{"start":{"line":128,"column":0},"end":{"line":128,"column":50}},"128":{"start":{"line":129,"column":0},"end":{"line":129,"column":66}},"129":{"start":{"line":130,"column":0},"end":{"line":130,"column":92}},"131":{"start":{"line":132,"column":0},"end":{"line":132,"column":58}},"132":{"start":{"line":133,"column":0},"end":{"line":133,"column":59}},"133":{"start":{"line":134,"column":0},"end":{"line":134,"column":23}},"134":{"start":{"line":135,"column":0},"end":{"line":135,"column":72}},"135":{"start":{"line":136,"column":0},"end":{"line":136,"column":39}},"136":{"start":{"line":137,"column":0},"end":{"line":137,"column":4}},"138":{"start":{"line":139,"column":0},"end":{"line":139,"column":19}},"139":{"start":{"line":140,"column":0},"end":{"line":140,"column":56}},"140":{"start":{"line":141,"column":0},"end":{"line":141,"column":33}},"141":{"start":{"line":142,"column":0},"end":{"line":142,"column":9}},"143":{"start":{"line":144,"column":0},"end":{"line":144,"column":19}},"144":{"start":{"line":145,"column":0},"end":{"line":145,"column":31}},"145":{"start":{"line":146,"column":0},"end":{"line":146,"column":66}},"146":{"start":{"line":147,"column":0},"end":{"line":147,"column":5}},"147":{"start":{"line":148,"column":0},"end":{"line":148,"column":21}},"149":{"start":{"line":150,"column":0},"end":{"line":150,"column":39}},"150":{"start":{"line":151,"column":0},"end":{"line":151,"column":54}},"151":{"start":{"line":152,"column":0},"end":{"line":152,"column":29}},"152":{"start":{"line":153,"column":0},"end":{"line":153,"column":9}},"153":{"start":{"line":154,"column":0},"end":{"line":154,"column":74}},"154":{"start":{"line":155,"column":0},"end":{"line":155,"column":29}},"155":{"start":{"line":156,"column":0},"end":{"line":156,"column":76}},"156":{"start":{"line":157,"column":0},"end":{"line":157,"column":7}},"157":{"start":{"line":158,"column":0},"end":{"line":158,"column":15}},"158":{"start":{"line":159,"column":0},"end":{"line":159,"column":24}},"159":{"start":{"line":160,"column":0},"end":{"line":160,"column":58}},"160":{"start":{"line":161,"column":0},"end":{"line":161,"column":92}},"161":{"start":{"line":162,"column":0},"end":{"line":162,"column":100}},"162":{"start":{"line":163,"column":0},"end":{"line":163,"column":55}},"163":{"start":{"line":164,"column":0},"end":{"line":164,"column":5}},"164":{"start":{"line":165,"column":0},"end":{"line":165,"column":4}},"166":{"start":{"line":167,"column":0},"end":{"line":167,"column":19}},"167":{"start":{"line":168,"column":0},"end":{"line":168,"column":45}},"168":{"start":{"line":169,"column":0},"end":{"line":169,"column":69}},"169":{"start":{"line":170,"column":0},"end":{"line":170,"column":64}},"170":{"start":{"line":171,"column":0},"end":{"line":171,"column":57}},"171":{"start":{"line":172,"column":0},"end":{"line":172,"column":48}},"172":{"start":{"line":173,"column":0},"end":{"line":173,"column":28}},"173":{"start":{"line":174,"column":0},"end":{"line":174,"column":32}},"174":{"start":{"line":175,"column":0},"end":{"line":175,"column":79}},"175":{"start":{"line":176,"column":0},"end":{"line":176,"column":25}},"176":{"start":{"line":177,"column":0},"end":{"line":177,"column":24}},"177":{"start":{"line":178,"column":0},"end":{"line":178,"column":6}},"178":{"start":{"line":179,"column":0},"end":{"line":179,"column":50}},"179":{"start":{"line":180,"column":0},"end":{"line":180,"column":66}},"180":{"start":{"line":181,"column":0},"end":{"line":181,"column":92}},"182":{"start":{"line":183,"column":0},"end":{"line":183,"column":39}},"183":{"start":{"line":184,"column":0},"end":{"line":184,"column":54}},"184":{"start":{"line":185,"column":0},"end":{"line":185,"column":29}},"185":{"start":{"line":186,"column":0},"end":{"line":186,"column":59}},"186":{"start":{"line":187,"column":0},"end":{"line":187,"column":27}},"187":{"start":{"line":188,"column":0},"end":{"line":188,"column":52}},"188":{"start":{"line":189,"column":0},"end":{"line":189,"column":7}},"189":{"start":{"line":190,"column":0},"end":{"line":190,"column":4}},"191":{"start":{"line":192,"column":0},"end":{"line":192,"column":42}},"192":{"start":{"line":193,"column":0},"end":{"line":193,"column":37}},"193":{"start":{"line":194,"column":0},"end":{"line":194,"column":4}},"195":{"start":{"line":196,"column":0},"end":{"line":196,"column":10}},"196":{"start":{"line":197,"column":0},"end":{"line":197,"column":98}},"197":{"start":{"line":198,"column":0},"end":{"line":198,"column":88}},"198":{"start":{"line":199,"column":0},"end":{"line":199,"column":43}},"199":{"start":{"line":200,"column":0},"end":{"line":200,"column":12}},"201":{"start":{"line":202,"column":0},"end":{"line":202,"column":39}},"202":{"start":{"line":203,"column":0},"end":{"line":203,"column":42}},"203":{"start":{"line":204,"column":0},"end":{"line":204,"column":42}},"204":{"start":{"line":205,"column":0},"end":{"line":205,"column":19}},"205":{"start":{"line":206,"column":0},"end":{"line":206,"column":22}},"206":{"start":{"line":207,"column":0},"end":{"line":207,"column":88}},"207":{"start":{"line":208,"column":0},"end":{"line":208,"column":55}},"208":{"start":{"line":209,"column":0},"end":{"line":209,"column":122}},"210":{"start":{"line":211,"column":0},"end":{"line":211,"column":69}},"211":{"start":{"line":212,"column":0},"end":{"line":212,"column":68}},"212":{"start":{"line":213,"column":0},"end":{"line":213,"column":21}},"213":{"start":{"line":214,"column":0},"end":{"line":214,"column":13}},"214":{"start":{"line":215,"column":0},"end":{"line":215,"column":18}},"216":{"start":{"line":217,"column":0},"end":{"line":217,"column":42}},"218":{"start":{"line":219,"column":0},"end":{"line":219,"column":53}},"219":{"start":{"line":220,"column":0},"end":{"line":220,"column":16}},"220":{"start":{"line":221,"column":0},"end":{"line":221,"column":36}},"221":{"start":{"line":222,"column":0},"end":{"line":222,"column":23}},"222":{"start":{"line":223,"column":0},"end":{"line":223,"column":51}},"223":{"start":{"line":224,"column":0},"end":{"line":224,"column":32}},"224":{"start":{"line":225,"column":0},"end":{"line":225,"column":61}},"225":{"start":{"line":226,"column":0},"end":{"line":226,"column":31}},"226":{"start":{"line":227,"column":0},"end":{"line":227,"column":71}},"227":{"start":{"line":228,"column":0},"end":{"line":228,"column":44}},"228":{"start":{"line":229,"column":0},"end":{"line":229,"column":36}},"229":{"start":{"line":230,"column":0},"end":{"line":230,"column":15}},"230":{"start":{"line":231,"column":0},"end":{"line":231,"column":14}},"231":{"start":{"line":232,"column":0},"end":{"line":232,"column":53}},"232":{"start":{"line":233,"column":0},"end":{"line":233,"column":12}},"233":{"start":{"line":234,"column":0},"end":{"line":234,"column":17}},"234":{"start":{"line":235,"column":0},"end":{"line":235,"column":32}},"235":{"start":{"line":236,"column":0},"end":{"line":236,"column":70}},"236":{"start":{"line":237,"column":0},"end":{"line":237,"column":81}},"238":{"start":{"line":239,"column":0},"end":{"line":239,"column":252}},"239":{"start":{"line":240,"column":0},"end":{"line":240,"column":19}},"240":{"start":{"line":241,"column":0},"end":{"line":241,"column":18}},"242":{"start":{"line":243,"column":0},"end":{"line":243,"column":60}},"243":{"start":{"line":244,"column":0},"end":{"line":244,"column":83}},"244":{"start":{"line":245,"column":0},"end":{"line":245,"column":43}},"245":{"start":{"line":246,"column":0},"end":{"line":246,"column":32}},"246":{"start":{"line":247,"column":0},"end":{"line":247,"column":152}},"247":{"start":{"line":248,"column":0},"end":{"line":248,"column":18}},"248":{"start":{"line":249,"column":0},"end":{"line":249,"column":41}},"249":{"start":{"line":250,"column":0},"end":{"line":250,"column":66}},"250":{"start":{"line":251,"column":0},"end":{"line":251,"column":65}},"251":{"start":{"line":252,"column":0},"end":{"line":252,"column":40}},"252":{"start":{"line":253,"column":0},"end":{"line":253,"column":18}},"253":{"start":{"line":254,"column":0},"end":{"line":254,"column":20}},"255":{"start":{"line":256,"column":0},"end":{"line":256,"column":13}},"257":{"start":{"line":258,"column":0},"end":{"line":258,"column":37}},"258":{"start":{"line":259,"column":0},"end":{"line":259,"column":98}},"259":{"start":{"line":260,"column":0},"end":{"line":260,"column":22}},"260":{"start":{"line":261,"column":0},"end":{"line":261,"column":17}},"261":{"start":{"line":262,"column":0},"end":{"line":262,"column":25}},"262":{"start":{"line":263,"column":0},"end":{"line":263,"column":69}},"263":{"start":{"line":264,"column":0},"end":{"line":264,"column":277}},"264":{"start":{"line":265,"column":0},"end":{"line":265,"column":26}},"265":{"start":{"line":266,"column":0},"end":{"line":266,"column":19}},"267":{"start":{"line":268,"column":0},"end":{"line":268,"column":12}},"268":{"start":{"line":269,"column":0},"end":{"line":269,"column":125}},"269":{"start":{"line":270,"column":0},"end":{"line":270,"column":30}},"270":{"start":{"line":271,"column":0},"end":{"line":271,"column":245}},"272":{"start":{"line":273,"column":0},"end":{"line":273,"column":342}},"274":{"start":{"line":275,"column":0},"end":{"line":275,"column":21}},"275":{"start":{"line":276,"column":0},"end":{"line":276,"column":137}},"276":{"start":{"line":277,"column":0},"end":{"line":277,"column":270}},"277":{"start":{"line":278,"column":0},"end":{"line":278,"column":49}},"278":{"start":{"line":279,"column":0},"end":{"line":279,"column":69}},"279":{"start":{"line":280,"column":0},"end":{"line":280,"column":45}},"280":{"start":{"line":281,"column":0},"end":{"line":281,"column":19}},"281":{"start":{"line":282,"column":0},"end":{"line":282,"column":21}},"282":{"start":{"line":283,"column":0},"end":{"line":283,"column":21}},"283":{"start":{"line":284,"column":0},"end":{"line":284,"column":13}},"285":{"start":{"line":286,"column":0},"end":{"line":286,"column":15}},"286":{"start":{"line":287,"column":0},"end":{"line":287,"column":10}},"288":{"start":{"line":289,"column":0},"end":{"line":289,"column":1}}},"s":{"0":1,"1":1,"2":1,"3":1,"4":1,"13":1,"14":84,"15":84,"16":84,"17":84,"20":1,"23":1,"24":1,"25":1,"26":1,"27":1,"28":1,"29":1,"31":84,"32":84,"33":84,"34":84,"35":84,"36":84,"37":84,"38":84,"40":84,"41":84,"43":84,"44":84,"45":84,"46":84,"47":84,"48":84,"49":84,"51":84,"52":84,"54":84,"55":10,"56":10,"57":10,"58":10,"60":10,"61":10,"63":10,"64":10,"65":10,"66":10,"67":10,"68":1,"69":1,"70":1,"71":1,"73":9,"74":9,"75":9,"76":9,"77":9,"78":9,"79":9,"80":9,"82":10,"83":1,"84":1,"85":1,"87":10,"88":10,"89":5,"90":5,"91":5,"92":10,"93":10,"94":10,"95":10,"96":10,"98":84,"99":0,"100":0,"101":0,"103":84,"104":30,"105":0,"106":0,"108":84,"110":84,"111":43,"112":19,"114":19,"115":1,"116":1,"117":19,"118":0,"119":0,"120":18,"121":2,"122":2,"123":2,"124":2,"125":2,"126":19,"127":43,"128":43,"129":84,"131":84,"132":0,"133":0,"134":0,"135":0,"136":0,"138":84,"139":30,"140":30,"141":84,"143":84,"144":30,"145":0,"146":0,"147":84,"149":84,"150":0,"151":0,"152":0,"153":0,"154":0,"155":0,"156":0,"157":0,"158":0,"159":0,"160":0,"161":0,"162":0,"163":0,"164":0,"166":84,"167":43,"168":19,"169":19,"170":19,"171":19,"172":0,"173":19,"174":19,"175":0,"176":0,"177":19,"178":43,"179":43,"180":84,"182":84,"183":0,"184":0,"185":0,"186":0,"187":0,"188":0,"189":0,"191":84,"192":0,"193":0,"195":84,"196":84,"197":84,"198":84,"199":84,"201":84,"202":84,"203":84,"204":420,"205":420,"206":420,"207":420,"208":420,"210":420,"211":420,"212":420,"213":84,"214":84,"216":84,"218":84,"219":84,"220":84,"221":84,"222":84,"223":84,"224":84,"225":84,"226":16,"227":1,"228":1,"229":1,"230":16,"231":84,"232":84,"233":84,"234":84,"235":84,"236":84,"238":84,"239":84,"240":84,"242":84,"243":13,"244":13,"245":13,"246":13,"247":13,"248":13,"249":13,"250":13,"251":13,"252":13,"253":13,"255":84,"257":84,"258":84,"259":84,"260":84,"261":84,"262":8,"263":8,"264":8,"265":8,"267":76,"268":76,"269":76,"270":0,"272":76,"274":76,"275":76,"276":76,"277":76,"278":76,"279":152,"280":76,"281":76,"282":76,"283":76,"285":84,"286":84,"288":84},"branchMap":{"0":{"type":"branch","line":14,"loc":{"start":{"line":14,"column":17},"end":{"line":18,"column":8}},"locations":[{"start":{"line":14,"column":17},"end":{"line":18,"column":8}}]},"1":{"type":"branch","line":32,"loc":{"start":{"line":32,"column":0},"end":{"line":289,"column":1}},"locations":[{"start":{"line":32,"column":0},"end":{"line":289,"column":1}}]},"2":{"type":"branch","line":41,"loc":{"start":{"line":41,"column":24},"end":{"line":41,"column":41}},"locations":[{"start":{"line":41,"column":24},"end":{"line":41,"column":41}}]},"3":{"type":"branch","line":197,"loc":{"start":{"line":197,"column":62},"end":{"line":197,"column":92}},"locations":[{"start":{"line":197,"column":62},"end":{"line":197,"column":92}}]},"4":{"type":"branch","line":197,"loc":{"start":{"line":197,"column":77},"end":{"line":197,"column":94}},"locations":[{"start":{"line":197,"column":77},"end":{"line":197,"column":94}}]},"5":{"type":"branch","line":232,"loc":{"start":{"line":232,"column":22},"end":{"line":232,"column":53}},"locations":[{"start":{"line":232,"column":22},"end":{"line":232,"column":53}}]},"6":{"type":"branch","line":236,"loc":{"start":{"line":236,"column":22},"end":{"line":236,"column":55}},"locations":[{"start":{"line":236,"column":22},"end":{"line":236,"column":55}}]},"7":{"type":"branch","line":236,"loc":{"start":{"line":236,"column":39},"end":{"line":236,"column":70}},"locations":[{"start":{"line":236,"column":39},"end":{"line":236,"column":70}}]},"8":{"type":"branch","line":243,"loc":{"start":{"line":243,"column":26},"end":{"line":243,"column":60}},"locations":[{"start":{"line":243,"column":26},"end":{"line":243,"column":60}}]},"9":{"type":"branch","line":243,"loc":{"start":{"line":243,"column":42},"end":{"line":254,"column":20}},"locations":[{"start":{"line":243,"column":42},"end":{"line":254,"column":20}}]},"10":{"type":"branch","line":244,"loc":{"start":{"line":244,"column":46},"end":{"line":244,"column":77}},"locations":[{"start":{"line":244,"column":46},"end":{"line":244,"column":77}}]},"11":{"type":"branch","line":244,"loc":{"start":{"line":244,"column":61},"end":{"line":244,"column":79}},"locations":[{"start":{"line":244,"column":61},"end":{"line":244,"column":79}}]},"12":{"type":"branch","line":247,"loc":{"start":{"line":247,"column":15},"end":{"line":247,"column":152}},"locations":[{"start":{"line":247,"column":15},"end":{"line":247,"column":152}}]},"13":{"type":"branch","line":250,"loc":{"start":{"line":250,"column":15},"end":{"line":250,"column":53}},"locations":[{"start":{"line":250,"column":15},"end":{"line":250,"column":53}}]},"14":{"type":"branch","line":250,"loc":{"start":{"line":250,"column":48},"end":{"line":250,"column":66}},"locations":[{"start":{"line":250,"column":48},"end":{"line":250,"column":66}}]},"15":{"type":"branch","line":251,"loc":{"start":{"line":251,"column":15},"end":{"line":251,"column":65}},"locations":[{"start":{"line":251,"column":15},"end":{"line":251,"column":65}}]},"16":{"type":"branch","line":262,"loc":{"start":{"line":262,"column":9},"end":{"line":266,"column":19}},"locations":[{"start":{"line":262,"column":9},"end":{"line":266,"column":19}}]},"17":{"type":"branch","line":266,"loc":{"start":{"line":266,"column":10},"end":{"line":284,"column":13}},"locations":[{"start":{"line":266,"column":10},"end":{"line":284,"column":13}}]},"18":{"type":"branch","line":269,"loc":{"start":{"line":269,"column":93},"end":{"line":269,"column":125}},"locations":[{"start":{"line":269,"column":93},"end":{"line":269,"column":125}}]},"19":{"type":"branch","line":270,"loc":{"start":{"line":270,"column":15},"end":{"line":271,"column":245}},"locations":[{"start":{"line":270,"column":15},"end":{"line":271,"column":245}}]},"20":{"type":"branch","line":276,"loc":{"start":{"line":276,"column":86},"end":{"line":276,"column":137}},"locations":[{"start":{"line":276,"column":86},"end":{"line":276,"column":137}}]},"21":{"type":"branch","line":55,"loc":{"start":{"line":55,"column":24},"end":{"line":97,"column":4}},"locations":[{"start":{"line":55,"column":24},"end":{"line":97,"column":4}}]},"22":{"type":"branch","line":56,"loc":{"start":{"line":56,"column":22},"end":{"line":56,"column":29}},"locations":[{"start":{"line":56,"column":22},"end":{"line":56,"column":29}}]},"23":{"type":"branch","line":61,"loc":{"start":{"line":61,"column":36},"end":{"line":61,"column":71}},"locations":[{"start":{"line":61,"column":36},"end":{"line":61,"column":71}}]},"24":{"type":"branch","line":68,"loc":{"start":{"line":68,"column":64},"end":{"line":72,"column":7}},"locations":[{"start":{"line":68,"column":64},"end":{"line":72,"column":7}}]},"25":{"type":"branch","line":72,"loc":{"start":{"line":72,"column":6},"end":{"line":83,"column":24}},"locations":[{"start":{"line":72,"column":6},"end":{"line":83,"column":24}}]},"26":{"type":"branch","line":83,"loc":{"start":{"line":83,"column":24},"end":{"line":86,"column":7}},"locations":[{"start":{"line":83,"column":24},"end":{"line":86,"column":7}}]},"27":{"type":"branch","line":85,"loc":{"start":{"line":85,"column":82},"end":{"line":85,"column":118}},"locations":[{"start":{"line":85,"column":82},"end":{"line":85,"column":118}}]},"28":{"type":"branch","line":86,"loc":{"start":{"line":86,"column":6},"end":{"line":88,"column":84}},"locations":[{"start":{"line":86,"column":6},"end":{"line":88,"column":84}}]},"29":{"type":"branch","line":88,"loc":{"start":{"line":88,"column":84},"end":{"line":89,"column":13}},"locations":[{"start":{"line":88,"column":84},"end":{"line":89,"column":13}}]},"30":{"type":"branch","line":89,"loc":{"start":{"line":89,"column":4},"end":{"line":93,"column":6}},"locations":[{"start":{"line":89,"column":4},"end":{"line":93,"column":6}}]},"31":{"type":"branch","line":93,"loc":{"start":{"line":93,"column":4},"end":{"line":93,"column":6}},"locations":[{"start":{"line":93,"column":4},"end":{"line":93,"column":6}}]},"32":{"type":"branch","line":66,"loc":{"start":{"line":66,"column":8},"end":{"line":66,"column":80}},"locations":[{"start":{"line":66,"column":8},"end":{"line":66,"column":80}}]},"33":{"type":"branch","line":104,"loc":{"start":{"line":104,"column":12},"end":{"line":109,"column":5}},"locations":[{"start":{"line":104,"column":12},"end":{"line":109,"column":5}}]},"34":{"type":"branch","line":105,"loc":{"start":{"line":105,"column":8},"end":{"line":105,"column":47}},"locations":[{"start":{"line":105,"column":8},"end":{"line":105,"column":47}}]},"35":{"type":"branch","line":105,"loc":{"start":{"line":105,"column":47},"end":{"line":107,"column":5}},"locations":[{"start":{"line":105,"column":47},"end":{"line":107,"column":5}}]},"36":{"type":"branch","line":111,"loc":{"start":{"line":111,"column":12},"end":{"line":130,"column":5}},"locations":[{"start":{"line":111,"column":12},"end":{"line":130,"column":5}}]},"37":{"type":"branch","line":112,"loc":{"start":{"line":112,"column":22},"end":{"line":127,"column":6}},"locations":[{"start":{"line":112,"column":22},"end":{"line":127,"column":6}}]},"38":{"type":"branch","line":113,"loc":{"start":{"line":113,"column":42},"end":{"line":113,"column":49}},"locations":[{"start":{"line":113,"column":42},"end":{"line":113,"column":49}}]},"39":{"type":"branch","line":115,"loc":{"start":{"line":115,"column":33},"end":{"line":118,"column":17}},"locations":[{"start":{"line":115,"column":33},"end":{"line":118,"column":17}}]},"40":{"type":"branch","line":118,"loc":{"start":{"line":118,"column":6},"end":{"line":126,"column":7}},"locations":[{"start":{"line":118,"column":6},"end":{"line":126,"column":7}}]},"41":{"type":"branch","line":118,"loc":{"start":{"line":118,"column":38},"end":{"line":121,"column":17}},"locations":[{"start":{"line":118,"column":38},"end":{"line":121,"column":17}}]},"42":{"type":"branch","line":121,"loc":{"start":{"line":121,"column":27},"end":{"line":121,"column":52}},"locations":[{"start":{"line":121,"column":27},"end":{"line":121,"column":52}}]},"43":{"type":"branch","line":121,"loc":{"start":{"line":121,"column":41},"end":{"line":121,"column":64}},"locations":[{"start":{"line":121,"column":41},"end":{"line":121,"column":64}}]},"44":{"type":"branch","line":121,"loc":{"start":{"line":121,"column":64},"end":{"line":126,"column":7}},"locations":[{"start":{"line":121,"column":64},"end":{"line":126,"column":7}}]},"45":{"type":"branch","line":117,"loc":{"start":{"line":117,"column":30},"end":{"line":117,"column":64}},"locations":[{"start":{"line":117,"column":30},"end":{"line":117,"column":64}}]},"46":{"type":"branch","line":129,"loc":{"start":{"line":129,"column":11},"end":{"line":129,"column":66}},"locations":[{"start":{"line":129,"column":11},"end":{"line":129,"column":66}}]},"47":{"type":"branch","line":139,"loc":{"start":{"line":139,"column":12},"end":{"line":142,"column":5}},"locations":[{"start":{"line":139,"column":12},"end":{"line":142,"column":5}}]},"48":{"type":"branch","line":141,"loc":{"start":{"line":141,"column":11},"end":{"line":141,"column":33}},"locations":[{"start":{"line":141,"column":11},"end":{"line":141,"column":33}}]},"49":{"type":"branch","line":144,"loc":{"start":{"line":144,"column":12},"end":{"line":148,"column":5}},"locations":[{"start":{"line":144,"column":12},"end":{"line":148,"column":5}}]},"50":{"type":"branch","line":145,"loc":{"start":{"line":145,"column":30},"end":{"line":147,"column":5}},"locations":[{"start":{"line":145,"column":30},"end":{"line":147,"column":5}}]},"51":{"type":"branch","line":167,"loc":{"start":{"line":167,"column":12},"end":{"line":181,"column":5}},"locations":[{"start":{"line":167,"column":12},"end":{"line":181,"column":5}}]},"52":{"type":"branch","line":168,"loc":{"start":{"line":168,"column":22},"end":{"line":178,"column":6}},"locations":[{"start":{"line":168,"column":22},"end":{"line":178,"column":6}}]},"53":{"type":"branch","line":170,"loc":{"start":{"line":170,"column":35},"end":{"line":170,"column":64}},"locations":[{"start":{"line":170,"column":35},"end":{"line":170,"column":64}}]},"54":{"type":"branch","line":171,"loc":{"start":{"line":171,"column":27},"end":{"line":171,"column":47}},"locations":[{"start":{"line":171,"column":27},"end":{"line":171,"column":47}}]},"55":{"type":"branch","line":172,"loc":{"start":{"line":172,"column":41},"end":{"line":173,"column":28}},"locations":[{"start":{"line":172,"column":41},"end":{"line":173,"column":28}}]},"56":{"type":"branch","line":175,"loc":{"start":{"line":175,"column":11},"end":{"line":175,"column":42}},"locations":[{"start":{"line":175,"column":11},"end":{"line":175,"column":42}}]},"57":{"type":"branch","line":175,"loc":{"start":{"line":175,"column":28},"end":{"line":175,"column":58}},"locations":[{"start":{"line":175,"column":28},"end":{"line":175,"column":58}}]},"58":{"type":"branch","line":175,"loc":{"start":{"line":175,"column":42},"end":{"line":175,"column":72}},"locations":[{"start":{"line":175,"column":42},"end":{"line":175,"column":72}}]},"59":{"type":"branch","line":175,"loc":{"start":{"line":175,"column":72},"end":{"line":177,"column":24}},"locations":[{"start":{"line":175,"column":72},"end":{"line":177,"column":24}}]},"60":{"type":"branch","line":180,"loc":{"start":{"line":180,"column":11},"end":{"line":180,"column":66}},"locations":[{"start":{"line":180,"column":11},"end":{"line":180,"column":66}}]},"61":{"type":"branch","line":204,"loc":{"start":{"line":204,"column":26},"end":{"line":213,"column":21}},"locations":[{"start":{"line":204,"column":26},"end":{"line":213,"column":21}}]},"62":{"type":"branch","line":207,"loc":{"start":{"line":207,"column":50},"end":{"line":207,"column":83}},"locations":[{"start":{"line":207,"column":50},"end":{"line":207,"column":83}}]},"63":{"type":"branch","line":207,"loc":{"start":{"line":207,"column":71},"end":{"line":207,"column":85}},"locations":[{"start":{"line":207,"column":71},"end":{"line":207,"column":85}}]},"64":{"type":"branch","line":208,"loc":{"start":{"line":208,"column":24},"end":{"line":208,"column":55}},"locations":[{"start":{"line":208,"column":24},"end":{"line":208,"column":55}}]},"65":{"type":"branch","line":209,"loc":{"start":{"line":209,"column":23},"end":{"line":209,"column":122}},"locations":[{"start":{"line":209,"column":23},"end":{"line":209,"column":122}}]},"66":{"type":"branch","line":225,"loc":{"start":{"line":225,"column":22},"end":{"line":225,"column":61}},"locations":[{"start":{"line":225,"column":22},"end":{"line":225,"column":61}}]},"67":{"type":"branch","line":226,"loc":{"start":{"line":226,"column":23},"end":{"line":231,"column":14}},"locations":[{"start":{"line":226,"column":23},"end":{"line":231,"column":14}}]},"68":{"type":"branch","line":227,"loc":{"start":{"line":227,"column":28},"end":{"line":227,"column":55}},"locations":[{"start":{"line":227,"column":28},"end":{"line":227,"column":55}}]},"69":{"type":"branch","line":227,"loc":{"start":{"line":227,"column":39},"end":{"line":227,"column":70}},"locations":[{"start":{"line":227,"column":39},"end":{"line":227,"column":70}}]},"70":{"type":"branch","line":227,"loc":{"start":{"line":227,"column":70},"end":{"line":230,"column":15}},"locations":[{"start":{"line":227,"column":70},"end":{"line":230,"column":15}}]},"71":{"type":"branch","line":279,"loc":{"start":{"line":279,"column":55},"end":{"line":280,"column":45}},"locations":[{"start":{"line":279,"column":55},"end":{"line":280,"column":45}}]}},"b":{"0":[84],"1":[84],"2":[0],"3":[8],"4":[76],"5":[76],"6":[76],"7":[15],"8":[76],"9":[13],"10":[5],"11":[8],"12":[8],"13":[5],"14":[8],"15":[8],"16":[8],"17":[76],"18":[0],"19":[0],"20":[71],"21":[10],"22":[0],"23":[1],"24":[1],"25":[9],"26":[1],"27":[0],"28":[8],"29":[4],"30":[5],"31":[9],"32":[10],"33":[30],"34":[27],"35":[0],"36":[43],"37":[19],"38":[0],"39":[1],"40":[18],"41":[0],"42":[2],"43":[2],"44":[2],"45":[1],"46":[43],"47":[30],"48":[30],"49":[30],"50":[0],"51":[43],"52":[19],"53":[0],"54":[0],"55":[0],"56":[0],"57":[0],"58":[0],"59":[0],"60":[43],"61":[420],"62":[84],"63":[336],"64":[380],"65":[7],"66":[15],"67":[16],"68":[1],"69":[1],"70":[1],"71":[152]},"fnMap":{"0":{"name":"IconGear","decl":{"start":{"line":14,"column":17},"end":{"line":18,"column":8}},"loc":{"start":{"line":14,"column":17},"end":{"line":18,"column":8}},"line":14},"1":{"name":"FloatingMenu","decl":{"start":{"line":32,"column":0},"end":{"line":289,"column":1}},"loc":{"start":{"line":32,"column":0},"end":{"line":289,"column":1}},"line":32},"2":{"name":"handleAIQuery","decl":{"start":{"line":55,"column":24},"end":{"line":97,"column":4}},"loc":{"start":{"line":55,"column":24},"end":{"line":97,"column":4}},"line":55},"3":{"name":"handleStop","decl":{"start":{"line":99,"column":21},"end":{"line":102,"column":4}},"loc":{"start":{"line":99,"column":21},"end":{"line":102,"column":4}},"line":99},"4":{"name":"onKeyDown","decl":{"start":{"line":112,"column":22},"end":{"line":127,"column":6}},"loc":{"start":{"line":112,"column":22},"end":{"line":127,"column":6}},"line":112},"5":{"name":"handleDragStart","decl":{"start":{"line":132,"column":26},"end":{"line":137,"column":4}},"loc":{"start":{"line":132,"column":26},"end":{"line":137,"column":4}},"line":132},"6":{"name":"handlePasteBack","decl":{"start":{"line":150,"column":26},"end":{"line":165,"column":4}},"loc":{"start":{"line":150,"column":26},"end":{"line":165,"column":4}},"line":150},"7":{"name":"onKeyDown","decl":{"start":{"line":168,"column":22},"end":{"line":178,"column":6}},"loc":{"start":{"line":168,"column":22},"end":{"line":178,"column":6}},"line":168},"8":{"name":"handleCopyToClipboard","decl":{"start":{"line":183,"column":32},"end":{"line":190,"column":4}},"loc":{"start":{"line":183,"column":32},"end":{"line":190,"column":4}},"line":183},"9":{"name":"handleOpenSettings","decl":{"start":{"line":192,"column":29},"end":{"line":194,"column":4}},"loc":{"start":{"line":192,"column":29},"end":{"line":194,"column":4}},"line":192},"10":{"name":"onClick","decl":{"start":{"line":209,"column":23},"end":{"line":209,"column":122}},"loc":{"start":{"line":209,"column":23},"end":{"line":209,"column":122}},"line":209},"11":{"name":"onChange","decl":{"start":{"line":225,"column":22},"end":{"line":225,"column":61}},"loc":{"start":{"line":225,"column":22},"end":{"line":225,"column":61}},"line":225},"12":{"name":"onKeyDown","decl":{"start":{"line":226,"column":23},"end":{"line":231,"column":14}},"loc":{"start":{"line":226,"column":23},"end":{"line":231,"column":14}},"line":226},"13":{"name":"onClick","decl":{"start":{"line":237,"column":21},"end":{"line":237,"column":81}},"loc":{"start":{"line":237,"column":21},"end":{"line":237,"column":81}},"line":237}},"f":{"0":84,"1":84,"2":10,"3":0,"4":19,"5":0,"6":0,"7":19,"8":0,"9":0,"10":7,"11":15,"12":16,"13":0}}
,"/Users/gayeonlee/Documents/2026/dadumi/src/components/SettingsWindow.tsx": {"path":"/Users/gayeonlee/Documents/2026/dadumi/src/components/SettingsWindow.tsx","all":false,"statementMap":{"0":{"start":{"line":1,"column":0},"end":{"line":1,"column":52}},"1":{"start":{"line":2,"column":0},"end":{"line":2,"column":57}},"2":{"start":{"line":3,"column":0},"end":{"line":3,"column":56}},"3":{"start":{"line":4,"column":0},"end":{"line":4,"column":82}},"6":{"start":{"line":7,"column":0},"end":{"line":7,"column":45}},"7":{"start":{"line":8,"column":0},"end":{"line":8,"column":29}},"9":{"start":{"line":10,"column":0},"end":{"line":10,"column":23}},"10":{"start":{"line":11,"column":0},"end":{"line":11,"column":180}},"11":{"start":{"line":12,"column":0},"end":{"line":12,"column":36}},"12":{"start":{"line":13,"column":0},"end":{"line":13,"column":42}},"13":{"start":{"line":14,"column":0},"end":{"line":14,"column":44}},"14":{"start":{"line":15,"column":0},"end":{"line":15,"column":52}},"15":{"start":{"line":16,"column":0},"end":{"line":16,"column":56}},"16":{"start":{"line":17,"column":0},"end":{"line":17,"column":42}},"17":{"start":{"line":18,"column":0},"end":{"line":18,"column":44}},"18":{"start":{"line":19,"column":0},"end":{"line":19,"column":54}},"19":{"start":{"line":20,"column":0},"end":{"line":20,"column":54}},"20":{"start":{"line":21,"column":0},"end":{"line":21,"column":8}},"23":{"start":{"line":24,"column":0},"end":{"line":24,"column":24}},"24":{"start":{"line":25,"column":0},"end":{"line":25,"column":180}},"25":{"start":{"line":26,"column":0},"end":{"line":26,"column":64}},"26":{"start":{"line":27,"column":0},"end":{"line":27,"column":8}},"29":{"start":{"line":30,"column":0},"end":{"line":30,"column":42}},"30":{"start":{"line":31,"column":0},"end":{"line":31,"column":9}},"31":{"start":{"line":32,"column":0},"end":{"line":32,"column":13}},"32":{"start":{"line":33,"column":0},"end":{"line":33,"column":27}},"33":{"start":{"line":34,"column":0},"end":{"line":34,"column":22}},"34":{"start":{"line":35,"column":0},"end":{"line":35,"column":18}},"35":{"start":{"line":36,"column":0},"end":{"line":36,"column":21}},"36":{"start":{"line":37,"column":0},"end":{"line":37,"column":7}},"37":{"start":{"line":38,"column":0},"end":{"line":38,"column":13}},"38":{"start":{"line":39,"column":0},"end":{"line":39,"column":22}},"39":{"start":{"line":40,"column":0},"end":{"line":40,"column":13}},"40":{"start":{"line":41,"column":0},"end":{"line":41,"column":19}},"41":{"start":{"line":42,"column":0},"end":{"line":42,"column":20}},"42":{"start":{"line":43,"column":0},"end":{"line":43,"column":16}},"43":{"start":{"line":44,"column":0},"end":{"line":44,"column":25}},"44":{"start":{"line":45,"column":0},"end":{"line":45,"column":19}},"45":{"start":{"line":46,"column":0},"end":{"line":46,"column":23}},"46":{"start":{"line":47,"column":0},"end":{"line":47,"column":18}},"47":{"start":{"line":48,"column":0},"end":{"line":48,"column":20}},"49":{"start":{"line":50,"column":0},"end":{"line":50,"column":101}},"50":{"start":{"line":51,"column":0},"end":{"line":51,"column":49}},"52":{"start":{"line":53,"column":0},"end":{"line":53,"column":48}},"53":{"start":{"line":54,"column":0},"end":{"line":54,"column":94}},"54":{"start":{"line":55,"column":0},"end":{"line":55,"column":41}},"56":{"start":{"line":57,"column":0},"end":{"line":57,"column":46}},"57":{"start":{"line":58,"column":0},"end":{"line":58,"column":86}},"58":{"start":{"line":59,"column":0},"end":{"line":59,"column":47}},"59":{"start":{"line":60,"column":0},"end":{"line":60,"column":4}},"61":{"start":{"line":62,"column":0},"end":{"line":62,"column":103}},"62":{"start":{"line":63,"column":0},"end":{"line":63,"column":78}},"63":{"start":{"line":64,"column":0},"end":{"line":64,"column":56}},"65":{"start":{"line":66,"column":0},"end":{"line":66,"column":19}},"66":{"start":{"line":67,"column":0},"end":{"line":67,"column":48}},"67":{"start":{"line":68,"column":0},"end":{"line":68,"column":9}},"69":{"start":{"line":70,"column":0},"end":{"line":70,"column":42}},"70":{"start":{"line":71,"column":0},"end":{"line":71,"column":30}},"71":{"start":{"line":72,"column":0},"end":{"line":72,"column":40}},"72":{"start":{"line":73,"column":0},"end":{"line":73,"column":29}},"73":{"start":{"line":74,"column":0},"end":{"line":74,"column":32}},"74":{"start":{"line":75,"column":0},"end":{"line":75,"column":29}},"75":{"start":{"line":76,"column":0},"end":{"line":76,"column":9}},"76":{"start":{"line":77,"column":0},"end":{"line":77,"column":44}},"77":{"start":{"line":78,"column":0},"end":{"line":78,"column":40}},"78":{"start":{"line":79,"column":0},"end":{"line":79,"column":42}},"79":{"start":{"line":80,"column":0},"end":{"line":80,"column":50}},"80":{"start":{"line":81,"column":0},"end":{"line":81,"column":19}},"81":{"start":{"line":82,"column":0},"end":{"line":82,"column":61}},"82":{"start":{"line":83,"column":0},"end":{"line":83,"column":15}},"83":{"start":{"line":84,"column":0},"end":{"line":84,"column":7}},"84":{"start":{"line":85,"column":0},"end":{"line":85,"column":43}},"85":{"start":{"line":86,"column":0},"end":{"line":86,"column":34}},"86":{"start":{"line":87,"column":0},"end":{"line":87,"column":31}},"87":{"start":{"line":88,"column":0},"end":{"line":88,"column":13}},"88":{"start":{"line":89,"column":0},"end":{"line":89,"column":59}},"89":{"start":{"line":90,"column":0},"end":{"line":90,"column":5}},"90":{"start":{"line":91,"column":0},"end":{"line":91,"column":4}},"92":{"start":{"line":93,"column":0},"end":{"line":93,"column":54}},"93":{"start":{"line":94,"column":0},"end":{"line":94,"column":49}},"94":{"start":{"line":95,"column":0},"end":{"line":95,"column":4}},"96":{"start":{"line":97,"column":0},"end":{"line":97,"column":19}},"97":{"start":{"line":98,"column":0},"end":{"line":98,"column":66}},"99":{"start":{"line":100,"column":0},"end":{"line":100,"column":13}},"101":{"start":{"line":102,"column":0},"end":{"line":102,"column":37}},"102":{"start":{"line":103,"column":0},"end":{"line":103,"column":39}},"103":{"start":{"line":104,"column":0},"end":{"line":104,"column":20}},"104":{"start":{"line":105,"column":0},"end":{"line":105,"column":74}},"105":{"start":{"line":106,"column":0},"end":{"line":106,"column":33}},"106":{"start":{"line":107,"column":0},"end":{"line":107,"column":5}},"107":{"start":{"line":108,"column":0},"end":{"line":108,"column":4}},"109":{"start":{"line":110,"column":0},"end":{"line":110,"column":10}},"110":{"start":{"line":111,"column":0},"end":{"line":111,"column":37}},"111":{"start":{"line":112,"column":0},"end":{"line":112,"column":46}},"112":{"start":{"line":113,"column":0},"end":{"line":113,"column":59}},"113":{"start":{"line":114,"column":0},"end":{"line":114,"column":12}},"115":{"start":{"line":116,"column":0},"end":{"line":116,"column":44}},"116":{"start":{"line":117,"column":0},"end":{"line":117,"column":42}},"117":{"start":{"line":118,"column":0},"end":{"line":118,"column":70}},"118":{"start":{"line":119,"column":0},"end":{"line":119,"column":41}},"119":{"start":{"line":120,"column":0},"end":{"line":120,"column":54}},"120":{"start":{"line":121,"column":0},"end":{"line":121,"column":21}},"121":{"start":{"line":122,"column":0},"end":{"line":122,"column":23}},"122":{"start":{"line":123,"column":0},"end":{"line":123,"column":72}},"123":{"start":{"line":124,"column":0},"end":{"line":124,"column":46}},"125":{"start":{"line":126,"column":0},"end":{"line":126,"column":48}},"126":{"start":{"line":127,"column":0},"end":{"line":127,"column":23}},"127":{"start":{"line":128,"column":0},"end":{"line":128,"column":15}},"128":{"start":{"line":129,"column":0},"end":{"line":129,"column":16}},"129":{"start":{"line":130,"column":0},"end":{"line":130,"column":14}},"131":{"start":{"line":132,"column":0},"end":{"line":132,"column":42}},"132":{"start":{"line":133,"column":0},"end":{"line":133,"column":58}},"133":{"start":{"line":134,"column":0},"end":{"line":134,"column":42}},"134":{"start":{"line":135,"column":0},"end":{"line":135,"column":60}},"135":{"start":{"line":136,"column":0},"end":{"line":136,"column":21}},"136":{"start":{"line":137,"column":0},"end":{"line":137,"column":27}},"137":{"start":{"line":138,"column":0},"end":{"line":138,"column":84}},"138":{"start":{"line":139,"column":0},"end":{"line":139,"column":47}},"140":{"start":{"line":141,"column":0},"end":{"line":141,"column":63}},"141":{"start":{"line":142,"column":0},"end":{"line":142,"column":66}},"142":{"start":{"line":143,"column":0},"end":{"line":143,"column":23}},"143":{"start":{"line":144,"column":0},"end":{"line":144,"column":15}},"144":{"start":{"line":145,"column":0},"end":{"line":145,"column":16}},"145":{"start":{"line":146,"column":0},"end":{"line":146,"column":14}},"147":{"start":{"line":148,"column":0},"end":{"line":148,"column":42}},"148":{"start":{"line":149,"column":0},"end":{"line":149,"column":76}},"149":{"start":{"line":150,"column":0},"end":{"line":150,"column":71}},"150":{"start":{"line":151,"column":0},"end":{"line":151,"column":46}},"151":{"start":{"line":152,"column":0},"end":{"line":152,"column":76}},"152":{"start":{"line":153,"column":0},"end":{"line":153,"column":52}},"153":{"start":{"line":154,"column":0},"end":{"line":154,"column":18}},"154":{"start":{"line":155,"column":0},"end":{"line":155,"column":55}},"155":{"start":{"line":156,"column":0},"end":{"line":156,"column":25}},"156":{"start":{"line":157,"column":0},"end":{"line":157,"column":28}},"157":{"start":{"line":158,"column":0},"end":{"line":158,"column":65}},"158":{"start":{"line":159,"column":0},"end":{"line":159,"column":59}},"159":{"start":{"line":160,"column":0},"end":{"line":160,"column":86}},"160":{"start":{"line":161,"column":0},"end":{"line":161,"column":33}},"161":{"start":{"line":162,"column":0},"end":{"line":162,"column":35}},"162":{"start":{"line":163,"column":0},"end":{"line":163,"column":34}},"163":{"start":{"line":164,"column":0},"end":{"line":164,"column":62}},"164":{"start":{"line":165,"column":0},"end":{"line":165,"column":48}},"165":{"start":{"line":166,"column":0},"end":{"line":166,"column":25}},"166":{"start":{"line":167,"column":0},"end":{"line":167,"column":17}},"167":{"start":{"line":168,"column":0},"end":{"line":168,"column":94}},"168":{"start":{"line":169,"column":0},"end":{"line":169,"column":68}},"169":{"start":{"line":170,"column":0},"end":{"line":170,"column":17}},"170":{"start":{"line":171,"column":0},"end":{"line":171,"column":16}},"171":{"start":{"line":172,"column":0},"end":{"line":172,"column":14}},"172":{"start":{"line":173,"column":0},"end":{"line":173,"column":16}},"173":{"start":{"line":174,"column":0},"end":{"line":174,"column":52}},"174":{"start":{"line":175,"column":0},"end":{"line":175,"column":69}},"175":{"start":{"line":176,"column":0},"end":{"line":176,"column":14}},"176":{"start":{"line":177,"column":0},"end":{"line":177,"column":14}},"178":{"start":{"line":179,"column":0},"end":{"line":179,"column":42}},"179":{"start":{"line":180,"column":0},"end":{"line":180,"column":73}},"180":{"start":{"line":181,"column":0},"end":{"line":181,"column":68}},"181":{"start":{"line":182,"column":0},"end":{"line":182,"column":42}},"182":{"start":{"line":183,"column":0},"end":{"line":183,"column":19}},"183":{"start":{"line":184,"column":0},"end":{"line":184,"column":81}},"184":{"start":{"line":185,"column":0},"end":{"line":185,"column":51}},"186":{"start":{"line":187,"column":0},"end":{"line":187,"column":54}},"187":{"start":{"line":188,"column":0},"end":{"line":188,"column":21}},"188":{"start":{"line":189,"column":0},"end":{"line":189,"column":19}},"189":{"start":{"line":190,"column":0},"end":{"line":190,"column":80}},"190":{"start":{"line":191,"column":0},"end":{"line":191,"column":50}},"192":{"start":{"line":193,"column":0},"end":{"line":193,"column":52}},"193":{"start":{"line":194,"column":0},"end":{"line":194,"column":21}},"194":{"start":{"line":195,"column":0},"end":{"line":195,"column":16}},"195":{"start":{"line":196,"column":0},"end":{"line":196,"column":14}},"197":{"start":{"line":198,"column":0},"end":{"line":198,"column":42}},"198":{"start":{"line":199,"column":0},"end":{"line":199,"column":70}},"199":{"start":{"line":200,"column":0},"end":{"line":200,"column":41}},"200":{"start":{"line":201,"column":0},"end":{"line":201,"column":35}},"201":{"start":{"line":202,"column":0},"end":{"line":202,"column":21}},"202":{"start":{"line":203,"column":0},"end":{"line":203,"column":26}},"203":{"start":{"line":204,"column":0},"end":{"line":204,"column":94}},"204":{"start":{"line":205,"column":0},"end":{"line":205,"column":69}},"206":{"start":{"line":207,"column":0},"end":{"line":207,"column":25}},"207":{"start":{"line":208,"column":0},"end":{"line":208,"column":23}},"208":{"start":{"line":209,"column":0},"end":{"line":209,"column":15}},"209":{"start":{"line":210,"column":0},"end":{"line":210,"column":16}},"210":{"start":{"line":211,"column":0},"end":{"line":211,"column":14}},"212":{"start":{"line":213,"column":0},"end":{"line":213,"column":42}},"213":{"start":{"line":214,"column":0},"end":{"line":214,"column":40}},"214":{"start":{"line":215,"column":0},"end":{"line":215,"column":31}},"215":{"start":{"line":216,"column":0},"end":{"line":216,"column":47}},"216":{"start":{"line":217,"column":0},"end":{"line":217,"column":21}},"217":{"start":{"line":218,"column":0},"end":{"line":218,"column":36}},"218":{"start":{"line":219,"column":0},"end":{"line":219,"column":92}},"219":{"start":{"line":220,"column":0},"end":{"line":220,"column":39}},"220":{"start":{"line":221,"column":0},"end":{"line":221,"column":43}},"222":{"start":{"line":223,"column":0},"end":{"line":223,"column":362}},"223":{"start":{"line":224,"column":0},"end":{"line":224,"column":23}},"225":{"start":{"line":226,"column":0},"end":{"line":226,"column":18}},"226":{"start":{"line":227,"column":0},"end":{"line":227,"column":17}},"227":{"start":{"line":228,"column":0},"end":{"line":228,"column":35}},"228":{"start":{"line":229,"column":0},"end":{"line":229,"column":48}},"229":{"start":{"line":230,"column":0},"end":{"line":230,"column":54}},"230":{"start":{"line":231,"column":0},"end":{"line":231,"column":39}},"232":{"start":{"line":233,"column":0},"end":{"line":233,"column":29}},"233":{"start":{"line":234,"column":0},"end":{"line":234,"column":60}},"234":{"start":{"line":235,"column":0},"end":{"line":235,"column":44}},"235":{"start":{"line":236,"column":0},"end":{"line":236,"column":66}},"236":{"start":{"line":237,"column":0},"end":{"line":237,"column":16}},"238":{"start":{"line":239,"column":0},"end":{"line":239,"column":19}},"239":{"start":{"line":240,"column":0},"end":{"line":240,"column":14}},"241":{"start":{"line":242,"column":0},"end":{"line":242,"column":58}},"242":{"start":{"line":243,"column":0},"end":{"line":243,"column":44}},"243":{"start":{"line":244,"column":0},"end":{"line":244,"column":71}},"244":{"start":{"line":245,"column":0},"end":{"line":245,"column":64}},"245":{"start":{"line":246,"column":0},"end":{"line":246,"column":39}},"246":{"start":{"line":247,"column":0},"end":{"line":247,"column":83}},"247":{"start":{"line":248,"column":0},"end":{"line":248,"column":18}},"249":{"start":{"line":250,"column":0},"end":{"line":250,"column":43}},"250":{"start":{"line":251,"column":0},"end":{"line":251,"column":88}},"252":{"start":{"line":253,"column":0},"end":{"line":253,"column":18}},"254":{"start":{"line":255,"column":0},"end":{"line":255,"column":45}},"255":{"start":{"line":256,"column":0},"end":{"line":256,"column":90}},"257":{"start":{"line":258,"column":0},"end":{"line":258,"column":18}},"259":{"start":{"line":260,"column":0},"end":{"line":260,"column":19}},"260":{"start":{"line":261,"column":0},"end":{"line":261,"column":43}},"261":{"start":{"line":262,"column":0},"end":{"line":262,"column":42}},"262":{"start":{"line":263,"column":0},"end":{"line":263,"column":52}},"264":{"start":{"line":265,"column":0},"end":{"line":265,"column":42}},"265":{"start":{"line":266,"column":0},"end":{"line":266,"column":48}},"266":{"start":{"line":267,"column":0},"end":{"line":267,"column":59}},"267":{"start":{"line":268,"column":0},"end":{"line":268,"column":37}},"268":{"start":{"line":269,"column":0},"end":{"line":269,"column":40}},"269":{"start":{"line":270,"column":0},"end":{"line":270,"column":21}},"270":{"start":{"line":271,"column":0},"end":{"line":271,"column":16}},"273":{"start":{"line":274,"column":0},"end":{"line":274,"column":33}},"274":{"start":{"line":275,"column":0},"end":{"line":275,"column":108}},"275":{"start":{"line":276,"column":0},"end":{"line":276,"column":27}},"276":{"start":{"line":277,"column":0},"end":{"line":277,"column":60}},"277":{"start":{"line":278,"column":0},"end":{"line":278,"column":63}},"278":{"start":{"line":279,"column":0},"end":{"line":279,"column":18}},"279":{"start":{"line":280,"column":0},"end":{"line":280,"column":68}},"280":{"start":{"line":281,"column":0},"end":{"line":281,"column":36}},"281":{"start":{"line":282,"column":0},"end":{"line":282,"column":45}},"282":{"start":{"line":283,"column":0},"end":{"line":283,"column":90}},"283":{"start":{"line":284,"column":0},"end":{"line":284,"column":73}},"284":{"start":{"line":285,"column":0},"end":{"line":285,"column":41}},"285":{"start":{"line":286,"column":0},"end":{"line":286,"column":14}},"286":{"start":{"line":287,"column":0},"end":{"line":287,"column":16}},"287":{"start":{"line":288,"column":0},"end":{"line":288,"column":11}},"289":{"start":{"line":290,"column":0},"end":{"line":290,"column":42}},"290":{"start":{"line":291,"column":0},"end":{"line":291,"column":40}},"291":{"start":{"line":292,"column":0},"end":{"line":292,"column":83}},"292":{"start":{"line":293,"column":0},"end":{"line":293,"column":18}},"293":{"start":{"line":294,"column":0},"end":{"line":294,"column":19}},"294":{"start":{"line":295,"column":0},"end":{"line":295,"column":34}},"295":{"start":{"line":296,"column":0},"end":{"line":296,"column":20}},"296":{"start":{"line":297,"column":0},"end":{"line":297,"column":42}},"297":{"start":{"line":298,"column":0},"end":{"line":298,"column":61}},"298":{"start":{"line":299,"column":0},"end":{"line":299,"column":31}},"299":{"start":{"line":300,"column":0},"end":{"line":300,"column":60}},"300":{"start":{"line":301,"column":0},"end":{"line":301,"column":12}},"301":{"start":{"line":302,"column":0},"end":{"line":302,"column":14}},"302":{"start":{"line":303,"column":0},"end":{"line":303,"column":12}},"304":{"start":{"line":305,"column":0},"end":{"line":305,"column":46}},"305":{"start":{"line":306,"column":0},"end":{"line":306,"column":68}},"306":{"start":{"line":307,"column":0},"end":{"line":307,"column":31}},"307":{"start":{"line":308,"column":0},"end":{"line":308,"column":17}},"308":{"start":{"line":309,"column":0},"end":{"line":309,"column":12}},"309":{"start":{"line":310,"column":0},"end":{"line":310,"column":10}},"311":{"start":{"line":312,"column":0},"end":{"line":312,"column":1}}},"s":{"0":1,"1":1,"2":1,"3":1,"6":1,"7":1,"9":1,"10":134,"11":134,"12":134,"13":134,"14":134,"15":134,"16":134,"17":134,"18":134,"19":134,"20":134,"23":1,"24":134,"25":134,"26":134,"29":134,"30":134,"31":134,"32":134,"33":134,"34":134,"35":134,"36":134,"37":134,"38":134,"39":134,"40":134,"41":134,"42":134,"43":134,"44":134,"45":134,"46":134,"47":134,"49":134,"50":134,"52":134,"53":134,"54":134,"56":134,"57":71,"58":71,"59":71,"61":134,"62":134,"63":134,"65":134,"66":34,"67":134,"69":134,"70":0,"71":0,"72":0,"73":0,"74":0,"75":0,"76":0,"77":0,"78":0,"79":0,"80":0,"81":0,"82":0,"83":0,"84":0,"85":0,"86":0,"87":0,"88":0,"89":0,"90":0,"92":134,"93":34,"94":134,"96":134,"97":37,"99":134,"101":134,"102":1,"103":1,"104":0,"105":0,"106":0,"107":1,"109":134,"110":134,"111":134,"112":134,"113":134,"115":134,"116":134,"117":134,"118":134,"119":134,"120":268,"121":268,"122":268,"123":268,"125":268,"126":268,"127":134,"128":134,"129":134,"131":134,"132":134,"133":134,"134":134,"135":268,"136":268,"137":268,"138":268,"140":268,"141":268,"142":268,"143":134,"144":134,"145":134,"147":134,"148":134,"149":134,"150":134,"151":134,"152":134,"153":134,"154":134,"155":134,"156":134,"157":134,"158":134,"159":134,"160":134,"161":4,"162":4,"163":4,"164":1,"165":1,"166":1,"167":4,"168":3,"169":3,"170":4,"171":134,"172":134,"173":134,"174":134,"175":134,"176":134,"178":134,"179":134,"180":134,"181":134,"182":134,"183":134,"184":134,"186":134,"187":134,"188":134,"189":134,"190":134,"192":134,"193":134,"194":134,"195":134,"197":134,"198":134,"199":134,"200":134,"201":938,"202":938,"203":938,"204":938,"206":938,"207":938,"208":134,"209":134,"210":134,"212":134,"213":134,"214":134,"215":134,"216":85,"217":85,"218":85,"219":85,"220":85,"222":85,"223":85,"225":134,"226":134,"227":134,"228":134,"229":134,"230":134,"232":134,"233":98,"234":36,"235":174,"236":36,"238":134,"239":134,"241":134,"242":6,"243":6,"244":6,"245":0,"246":0,"247":0,"249":6,"250":0,"252":0,"254":6,"255":0,"257":0,"259":6,"260":6,"261":6,"262":6,"264":6,"265":0,"266":6,"267":0,"268":6,"269":6,"270":6,"273":134,"274":134,"275":134,"276":188,"277":188,"278":188,"279":188,"280":188,"281":188,"282":188,"283":188,"284":188,"285":188,"286":188,"287":134,"289":134,"290":134,"291":134,"292":134,"293":134,"294":134,"295":134,"296":134,"297":134,"298":134,"299":134,"300":134,"301":134,"302":134,"304":134,"305":134,"306":134,"307":134,"308":134,"309":134,"311":134},"branchMap":{"0":{"type":"branch","line":10,"loc":{"start":{"line":10,"column":16},"end":{"line":21,"column":8}},"locations":[{"start":{"line":10,"column":16},"end":{"line":21,"column":8}}]},"1":{"type":"branch","line":24,"loc":{"start":{"line":24,"column":17},"end":{"line":27,"column":8}},"locations":[{"start":{"line":24,"column":17},"end":{"line":27,"column":8}}]},"2":{"type":"branch","line":30,"loc":{"start":{"line":30,"column":0},"end":{"line":312,"column":1}},"locations":[{"start":{"line":30,"column":0},"end":{"line":312,"column":1}}]},"3":{"type":"branch","line":51,"loc":{"start":{"line":51,"column":24},"end":{"line":51,"column":42}},"locations":[{"start":{"line":51,"column":24},"end":{"line":51,"column":42}}]},"4":{"type":"branch","line":53,"loc":{"start":{"line":53,"column":32},"end":{"line":53,"column":48}},"locations":[{"start":{"line":53,"column":32},"end":{"line":53,"column":48}}]},"5":{"type":"branch","line":54,"loc":{"start":{"line":54,"column":49},"end":{"line":54,"column":69}},"locations":[{"start":{"line":54,"column":49},"end":{"line":54,"column":69}}]},"6":{"type":"branch","line":54,"loc":{"start":{"line":54,"column":53},"end":{"line":54,"column":94}},"locations":[{"start":{"line":54,"column":53},"end":{"line":54,"column":94}}]},"7":{"type":"branch","line":55,"loc":{"start":{"line":55,"column":24},"end":{"line":55,"column":41}},"locations":[{"start":{"line":55,"column":24},"end":{
[...]
":{"line":84,"column":3}},"84":{"start":{"line":85,"column":0},"end":{"line":85,"column":1}},"86":{"start":{"line":87,"column":0},"end":{"line":87,"column":64}},"87":{"start":{"line":88,"column":0},"end":{"line":88,"column":79}},"88":{"start":{"line":89,"column":0},"end":{"line":89,"column":1}},"90":{"start":{"line":91,"column":0},"end":{"line":91,"column":59}},"91":{"start":{"line":92,"column":0},"end":{"line":92,"column":61}},"92":{"start":{"line":93,"column":0},"end":{"line":93,"column":1}},"94":{"start":{"line":95,"column":0},"end":{"line":95,"column":84}},"95":{"start":{"line":96,"column":0},"end":{"line":96,"column":104}},"96":{"start":{"line":97,"column":0},"end":{"line":97,"column":1}},"98":{"start":{"line":99,"column":0},"end":{"line":99,"column":39}},"99":{"start":{"line":100,"column":0},"end":{"line":100,"column":24}},"100":{"start":{"line":101,"column":0},"end":{"line":101,"column":25}},"101":{"start":{"line":102,"column":0},"end":{"line":102,"column":35}},"102":{"start":{"line":103,"column":0},"end":{"line":103,"column":16}},"103":{"start":{"line":104,"column":0},"end":{"line":104,"column":88}},"104":{"start":{"line":105,"column":0},"end":{"line":105,"column":10}},"105":{"start":{"line":106,"column":0},"end":{"line":106,"column":16}},"106":{"start":{"line":107,"column":0},"end":{"line":107,"column":16}},"107":{"start":{"line":108,"column":0},"end":{"line":108,"column":28}},"108":{"start":{"line":109,"column":0},"end":{"line":109,"column":46}},"109":{"start":{"line":110,"column":0},"end":{"line":110,"column":6}},"110":{"start":{"line":111,"column":0},"end":{"line":111,"column":3}},"111":{"start":{"line":112,"column":0},"end":{"line":112,"column":1}}},"s":{"1":1,"3":1,"23":1,"25":108,"26":108,"27":108,"28":108,"29":108,"30":108,"31":108,"32":108,"33":108,"34":108,"35":108,"37":143,"38":143,"39":143,"40":143,"41":159,"42":159,"43":143,"44":143,"46":1,"47":108,"48":108,"49":108,"50":15,"51":15,"52":15,"53":108,"55":1,"56":94,"57":94,"59":14,"60":14,"61":14,"62":12,"63":12,"64":12,"65":12,"66":12,"67":1,"68":1,"69":12,"70":14,"71":14,"72":14,"73":14,"74":14,"75":14,"76":14,"77":14,"78":14,"79":14,"80":14,"81":14,"82":14,"83":14,"84":14,"86":1,"87":286,"88":286,"90":1,"91":66,"92":66,"94":1,"95":320,"96":320,"98":1,"99":39,"100":39,"101":39,"102":39,"103":39,"104":39,"105":39,"106":39,"107":39,"108":39,"109":39,"110":39,"111":39},"branchMap":{"0":{"type":"branch","line":26,"loc":{"start":{"line":26,"column":0},"end":{"line":36,"column":1}},"locations":[{"start":{"line":26,"column":0},"end":{"line":36,"column":1}}]},"1":{"type":"branch","line":38,"loc":{"start":{"line":38,"column":0},"end":{"line":45,"column":1}},"locations":[{"start":{"line":38,"column":0},"end":{"line":45,"column":1}}]},"2":{"type":"branch","line":41,"loc":{"start":{"line":41,"column":34},"end":{"line":43,"column":3}},"locations":[{"start":{"line":41,"column":34},"end":{"line":43,"column":3}}]},"3":{"type":"branch","line":42,"loc":{"start":{"line":42,"column":28},"end":{"line":42,"column":66}},"locations":[{"start":{"line":42,"column":28},"end":{"line":42,"column":66}}]},"4":{"type":"branch","line":44,"loc":{"start":{"line":44,"column":45},"end":{"line":44,"column":55}},"locations":[{"start":{"line":44,"column":45},"end":{"line":44,"column":55}}]},"5":{"type":"branch","line":39,"loc":{"start":{"line":39,"column":29},"end":{"line":39,"column":55}},"locations":[{"start":{"line":39,"column":29},"end":{"line":39,"column":55}}]},"6":{"type":"branch","line":47,"loc":{"start":{"line":47,"column":7},"end":{"line":58,"column":1}},"locations":[{"start":{"line":47,"column":7},"end":{"line":58,"column":1}}]},"7":{"type":"branch","line":50,"loc":{"start":{"line":50,"column":13},"end":{"line":53,"column":5}},"locations":[{"start":{"line":50,"column":13},"end":{"line":53,"column":5}}]},"8":{"type":"branch","line":54,"loc":{"start":{"line":54,"column":2},"end":{"line":56,"column":3}},"locations":[{"start":{"line":54,"column":2},"end":{"line":56,"column":3}}]},"9":{"type":"branch","line":56,"loc":{"start":{"line":56,"column":2},"end":{"line":58,"column":1}},"locations":[{"start":{"line":56,"column":2},"end":{"line":58,"column":1}}]},"10":{"type":"branch","line":60,"loc":{"start":{"line":60,"column":0},"end":{"line":85,"column":1}},"locations":[{"start":{"line":60,"column":0},"end":{"line":85,"column":1}}]},"11":{"type":"branch","line":62,"loc":{"start":{"line":62,"column":66},"end":{"line":70,"column":3}},"locations":[{"start":{"line":62,"column":66},"end":{"line":70,"column":3}}]},"12":{"type":"branch","line":63,"loc":{"start":{"line":63,"column":27},"end":{"line":63,"column":35}},"locations":[{"start":{"line":63,"column":27},"end":{"line":63,"column":35}}]},"13":{"type":"branch","line":65,"loc":{"start":{"line":65,"column":14},"end":{"line":65,"column":22}},"locations":[{"start":{"line":65,"column":14},"end":{"line":65,"column":22}}]},"14":{"type":"branch","line":67,"loc":{"start":{"line":67,"column":21},"end":{"line":69,"column":5}},"locations":[{"start":{"line":67,"column":21},"end":{"line":69,"column":5}}]},"15":{"type":"branch","line":68,"loc":{"start":{"line":68,"column":81},"end":{"line":68,"column":90}},"locations":[{"start":{"line":68,"column":81},"end":{"line":68,"column":90}}]},"16":{"type":"branch","line":73,"loc":{"start":{"line":73,"column":26},"end":{"line":73,"column":48}},"locations":[{"start":{"line":73,"column":26},"end":{"line":73,"column":48}}]},"17":{"type":"branch","line":73,"loc":{"start":{"line":73,"column":41},"end":{"line":73,"column":81}},"locations":[{"start":{"line":73,"column":41},"end":{"line":73,"column":81}}]},"18":{"type":"branch","line":73,"loc":{"start":{"line":73,"column":65},"end":{"line":73,"column":107}},"locations":[{"start":{"line":73,"column":65},"end":{"line":73,"column":107}}]},"19":{"type":"branch","line":74,"loc":{"start":{"line":74,"column":26},"end":{"line":74,"column":47}},"locations":[{"start":{"line":74,"column":26},"end":{"line":74,"column":47}}]},"20":{"type":"branch","line":74,"loc":{"start":{"line":74,"column":41},"end":{"line":74,"column":73}},"locations":[{"start":{"line":74,"column":41},"end":{"line":74,"column":73}}]},"21":{"type":"branch","line":79,"loc":{"start":{"line":79,"column":23},"end":{"line":79,"column":40}},"locations":[{"start":{"line":79,"column":23},"end":{"line":79,"column":40}}]},"22":{"type":"branch","line":80,"loc":{"start":{"line":80,"column":20},"end":{"line":80,"column":36}},"locations":[{"start":{"line":80,"column":20},"end":{"line":80,"column":36}}]},"23":{"type":"branch","line":81,"loc":{"start":{"line":81,"column":32},"end":{"line":81,"column":61}},"locations":[{"start":{"line":81,"column":32},"end":{"line":81,"column":61}}]},"24":{"type":"branch","line":82,"loc":{"start":{"line":82,"column":26},"end":{"line":82,"column":47}},"locations":[{"start":{"line":82,"column":26},"end":{"line":82,"column":47}}]},"25":{"type":"branch","line":64,"loc":{"start":{"line":64,"column":31},"end":{"line":64,"column":49}},"locations":[{"start":{"line":64,"column":31},"end":{"line":64,"column":49}}]},"26":{"type":"branch","line":66,"loc":{"start":{"line":66,"column":39},"end":{"line":66,"column":77}},"locations":[{"start":{"line":66,"column":39},"end":{"line":66,"column":77}}]},"27":{"type":"branch","line":87,"loc":{"start":{"line":87,"column":7},"end":{"line":89,"column":1}},"locations":[{"start":{"line":87,"column":7},"end":{"line":89,"column":1}}]},"28":{"type":"branch","line":88,"loc":{"start":{"line":88,"column":49},"end":{"line":88,"column":79}},"locations":[{"start":{"line":88,"column":49},"end":{"line":88,"column":79}}]},"29":{"type":"branch","line":91,"loc":{"start":{"line":91,"column":7},"end":{"line":93,"column":1}},"locations":[{"start":{"line":91,"column":7},"end":{"line":93,"column":1}}]},"30":{"type":"branch","line":95,"loc":{"start":{"line":95,"column":7},"end":{"line":97,"column":1}},"locations":[{"start":{"line":95,"column":7},"end":{"line":97,"column":1}}]},"31":{"type":"branch","line":96,"loc":{"start":{"line":96,"column":51},"end":{"line":96,"column":104}},"locations":[{"start":{"line":96,"column":51},"end":{"line":96,"column":104}}]},"32":{"type":"branch","line":99,"loc":{"start":{"line":99,"column":7},"end":{"line":112,"column":1}},"locations":[{"start":{"line":99,"column":7},"end":{"line":112,"column":1}}]},"33":{"type":"branch","line":104,"loc":{"start":{"line":104,"column":48},"end":{"line":104,"column":88}},"locations":[{"start":{"line":104,"column":48},"end":{"line":104,"column":88}}]}},"b":{"0":[108],"1":[143],"2":[159],"3":[0],"4":[0],"5":[552],"6":[108],"7":[15],"8":[1],"9":[94],"10":[14],"11":[12],"12":[0],"13":[0],"14":[1],"15":[0],"16":[13],"17":[1],"18":[0],"19":[13],"20":[1],"21":[1],"22":[1],"23":[1],"24":[1],"25":[42],"26":[15],"27":[286],"28":[0],"29":[66],"30":[320],"31":[31],"32":[39],"33":[4]},"fnMap":{"0":{"name":"defaultSettings","decl":{"start":{"line":26,"column":0},"end":{"line":36,"column":1}},"loc":{"start":{"line":26,"column":0},"end":{"line":36,"column":1}},"line":26},"1":{"name":"defaultProviderSettings","decl":{"start":{"line":38,"column":0},"end":{"line":45,"column":1}},"loc":{"start":{"line":38,"column":0},"end":{"line":45,"column":1}},"line":38},"2":{"name":"loadSettings","decl":{"start":{"line":47,"column":7},"end":{"line":58,"column":1}},"loc":{"start":{"line":47,"column":7},"end":{"line":58,"column":1}},"line":47},"3":{"name":"migrateSettings","decl":{"start":{"line":60,"column":0},"end":{"line":85,"column":1}},"loc":{"start":{"line":60,"column":0},"end":{"line":85,"column":1}},"line":60},"4":{"name":"getSystemPrompt","decl":{"start":{"line":87,"column":7},"end":{"line":89,"column":1}},"loc":{"start":{"line":87,"column":7},"end":{"line":89,"column":1}},"line":87},"5":{"name":"saveSettings","decl":{"start":{"line":91,"column":7},"end":{"line":93,"column":1}},"loc":{"start":{"line":91,"column":7},"end":{"line":93,"column":1}},"line":91},"6":{"name":"getActiveProviderSettings","decl":{"start":{"line":95,"column":7},"end":{"line":97,"column":1}},"loc":{"start":{"line":95,"column":7},"end":{"line":97,"column":1}},"line":95},"7":{"name":"updateProviderSettings","decl":{"start":{"line":99,"column":7},"end":{"line":112,"column":1}},"loc":{"start":{"line":99,"column":7},"end":{"line":112,"column":1}},"line":99}},"f":{"0":108,"1":143,"2":108,"3":14,"4":286,"5":66,"6":320,"7":39}}
,"/Users/gayeonlee/Documents/2026/dadumi/src/utils/tauriBridge.ts": {"path":"/Users/gayeonlee/Documents/2026/dadumi/src/utils/tauriBridge.ts","all":false,"statementMap":{"0":{"start":{"line":1,"column":0},"end":{"line":1,"column":89}},"2":{"start":{"line":3,"column":0},"end":{"line":3,"column":36}},"3":{"start":{"line":4,"column":0},"end":{"line":4,"column":92}},"4":{"start":{"line":5,"column":0},"end":{"line":5,"column":1}},"9":{"start":{"line":10,"column":0},"end":{"line":10,"column":76}},"10":{"start":{"line":11,"column":0},"end":{"line":11,"column":18}},"11":{"start":{"line":12,"column":0},"end":{"line":12,"column":60}},"12":{"start":{"line":13,"column":0},"end":{"line":13,"column":54}},"13":{"start":{"line":14,"column":0},"end":{"line":14,"column":65}},"14":{"start":{"line":15,"column":0},"end":{"line":15,"column":16}},"15":{"start":{"line":16,"column":0},"end":{"line":16,"column":7}},"16":{"start":{"line":17,"column":0},"end":{"line":17,"column":3}},"19":{"start":{"line":20,"column":0},"end":{"line":20,"column":65}},"21":{"start":{"line":22,"column":0},"end":{"line":22,"column":20}},"22":{"start":{"line":23,"column":0},"end":{"line":23,"column":30}},"23":{"start":{"line":24,"column":0},"end":{"line":24,"column":81}},"24":{"start":{"line":25,"column":0},"end":{"line":25,"column":22}},"25":{"start":{"line":26,"column":0},"end":{"line":26,"column":111}},"26":{"start":{"line":27,"column":0},"end":{"line":27,"column":74}},"27":{"start":{"line":28,"column":0},"end":{"line":28,"column":18}},"28":{"start":{"line":29,"column":0},"end":{"line":29,"column":23}},"29":{"start":{"line":30,"column":0},"end":{"line":30,"column":48}},"30":{"start":{"line":31,"column":0},"end":{"line":31,"column":18}},"31":{"start":{"line":32,"column":0},"end":{"line":32,"column":12}},"32":{"start":{"line":33,"column":0},"end":{"line":33,"column":18}},"33":{"start":{"line":34,"column":0},"end":{"line":34,"column":3}},"34":{"start":{"line":35,"column":0},"end":{"line":35,"column":1}},"39":{"start":{"line":40,"column":0},"end":{"line":40,"column":34}},"40":{"start":{"line":41,"column":0},"end":{"line":41,"column":20}},"41":{"start":{"line":42,"column":0},"end":{"line":42,"column":33}},"42":{"start":{"line":43,"column":0},"end":{"line":43,"column":24}},"43":{"start":{"line":44,"column":0},"end":{"line":44,"column":18}},"44":{"start":{"line":45,"column":0},"end":{"line":45,"column":61}},"45":{"start":{"line":46,"column":0},"end":{"line":46,"column":46}},"46":{"start":{"line":47,"column":0},"end":{"line":47,"column":29}},"47":{"start":{"line":48,"column":0},"end":{"line":48,"column":7}},"48":{"start":{"line":49,"column":0},"end":{"line":49,"column":3}},"51":{"start":{"line":52,"column":0},"end":{"line":52,"column":34}},"52":{"start":{"line":53,"column":0},"end":{"line":53,"column":34}},"53":{"start":{"line":54,"column":0},"end":{"line":54,"column":3}},"55":{"start":{"line":56,"column":0},"end":{"line":56,"column":77}},"56":{"start":{"line":57,"column":0},"end":{"line":57,"column":48}},"58":{"start":{"line":59,"column":0},"end":{"line":59,"column":76}},"60":{"start":{"line":61,"column":0},"end":{"line":61,"column":16}},"61":{"start":{"line":62,"column":0},"end":{"line":62,"column":92}},"62":{"start":{"line":63,"column":0},"end":{"line":63,"column":81}},"63":{"start":{"line":64,"column":0},"end":{"line":64,"column":4}},"64":{"start":{"line":65,"column":0},"end":{"line":65,"column":1}},"70":{"start":{"line":71,"column":0},"end":{"line":71,"column":59}},"71":{"start":{"line":72,"column":0},"end":{"line":72,"column":19}},"72":{"start":{"line":73,"column":0},"end":{"line":73,"column":31}},"73":{"start":{"line":74,"column":0},"end":{"line":74,"column":11}},"74":{"start":{"line":75,"column":0},"end":{"line":75,"column":3}},"75":{"start":{"line":76,"column":0},"end":{"line":76,"column":60}},"76":{"start":{"line":77,"column":0},"end":{"line":77,"column":18}},"77":{"start":{"line":78,"column":0},"end":{"line":78,"column":1}},"79":{"start":{"line":80,"column":0},"end":{"line":80,"column":67}},"80":{"start":{"line":81,"column":0},"end":{"line":81,"column":24}},"81":{"start":{"line":82,"column":0},"end":{"line":82,"column":85}},"82":{"start":{"line":83,"column":0},"end":{"line":83,"column":51}},"83":{"start":{"line":84,"column":0},"end":{"line":84,"column":55}},"84":{"start":{"line":85,"column":0},"end":{"line":85,"column":1}}},"s":{"0":1,"2":1,"3":20,"4":20,"9":5,"10":5,"11":0,"12":0,"13":0,"14":0,"15":0,"16":0,"19":5,"21":5,"22":5,"23":1,"24":5,"25":1,"26":1,"27":1,"28":5,"29":1,"30":1,"31":5,"32":2,"33":5,"34":5,"39":7,"40":7,"41":7,"42":7,"43":7,"44":0,"45":0,"46":0,"47":0,"48":0,"51":7,"52":5,"53":5,"55":7,"56":7,"58":7,"60":7,"61":1,"62":1,"63":1,"64":7,"70":1,"71":1,"72":1,"73":1,"74":1,"75":0,"76":0,"77":0,"79":1,"80":5,"81":4,"82":5,"83":5,"84":5},"branchMap":{"0":{"type":"branch","line":3,"loc":{"start":{"line":3,"column":7},"end":{"line":5,"column":1}},"locations":[{"start":{"line":3,"column":7},"end":{"line":5,"column":1}}]},"1":{"type":"branch","line":10,"loc":{"start":{"line":10,"column":0},"end":{"line":35,"column":1}},"locations":[{"start":{"line":10,"column":0},"end":{"line":35,"column":1}}]},"2":{"type":"branch","line":11,"loc":{"start":{"line":11,"column":17},"end":{"line":17,"column":3}},"locations":[{"start":{"line":11,"column":17},"end":{"line":17,"column":3}}]},"3":{"type":"branch","line":23,"loc":{"start":{"line":23,"column":4},"end":{"line":24,"column":81}},"locations":[{"start":{"line":23,"column":4},"end":{"line":24,"column":81}}]},"4":{"type":"branch","line":25,"loc":{"start":{"line":25,"column":4},"end":{"line":28,"column":18}},"locations":[{"start":{"line":25,"column":4},"end":{"line":28,"column":18}}]},"5":{"type":"branch","line":29,"loc":{"start":{"line":29,"column":4},"end":{"line":31,"column":18}},"locations":[{"start":{"line":29,"column":4},"end":{"line":31,"column":18}}]},"6":{"type":"branch","line":32,"loc":{"start":{"line":32,"column":4},"end":{"line":33,"column":18}},"locations":[{"start":{"line":32,"column":4},"end":{"line":33,"column":18}}]},"7":{"type":"branch","line":40,"loc":{"start":{"line":40,"column":0},"end":{"line":65,"column":1}},"locations":[{"start":{"line":40,"column":0},"end":{"line":65,"column":1}}]},"8":{"type":"branch","line":44,"loc":{"start":{"line":44,"column":17},"end":{"line":49,"column":3}},"locations":[{"start":{"line":44,"column":17},"end":{"line":49,"column":3}}]},"9":{"type":"branch","line":52,"loc":{"start":{"line":52,"column":33},"end":{"line":54,"column":3}},"locations":[{"start":{"line":52,"column":33},"end":{"line":54,"column":3}}]},"10":{"type":"branch","line":56,"loc":{"start":{"line":56,"column":25},"end":{"line":56,"column":77}},"locations":[{"start":{"line":56,"column":25},"end":{"line":56,"column":77}}]},"11":{"type":"branch","line":61,"loc":{"start":{"line":61,"column":9},"end":{"line":64,"column":4}},"locations":[{"start":{"line":61,"column":9},"end":{"line":64,"column":4}}]},"12":{"type":"branch","line":62,"loc":{"start":{"line":62,"column":63},"end":{"line":62,"column":90}},"locations":[{"start":{"line":62,"column":63},"end":{"line":62,"column":90}}]},"13":{"type":"branch","line":71,"loc":{"start":{"line":71,"column":0},"end":{"line":78,"column":1}},"locations":[{"start":{"line":71,"column":0},"end":{"line":78,"column":1}}]},"14":{"type":"branch","line":75,"loc":{"start":{"line":75,"column":2},"end":{"line":78,"column":1}},"locations":[{"start":{"line":75,"column":2},"end":{"line":78,"column":1}}]},"15":{"type":"branch","line":80,"loc":{"start":{"line":80,"column":7},"end":{"line":85,"column":1}},"locations":[{"start":{"line":80,"column":7},"end":{"line":85,"column":1}}]},"16":{"type":"branch","line":81,"loc":{"start":{"line":81,"column":17},"end":{"line":81,"column":24}},"locations":[{"start":{"line":81,"column":17},"end":{"line":81,"column":24}}]},"17":{"type":"branch","line":81,"loc":{"start":{"line":81,"column":17},"end":{"line":83,"column":48}},"locations":[{"start":{"line":81,"column":17},"end":{"line":83,"column":48}}]},"18":{"type":"branch","line":83,"loc":{"start":{"line":83,"column":43},"end":{"line":83,"column":51}},"locations":[{"start":{"line":83,"column":43},"end":{"line":83,"column":51}}]},"19":{"type":"branch","line":84,"loc":{"start":{"line":84,"column":20},"end":{"line":84,"column":53}},"locations":[{"start":{"line":84,"column":20},"end":{"line":84,"column":53}}]}},"b":{"0":[20],"1":[5],"2":[0],"3":[1],"4":[1],"5":[1],"6":[2],"7":[7],"8":[0],"9":[5],"10":[5],"11":[1],"12":[2],"13":[1],"14":[0],"15":[5],"16":[1],"17":[4],"18":[0],"19":[5]},"fnMap":{"0":{"name":"isTauri","decl":{"start":{"line":3,"column":7},"end":{"line":5,"column":1}},"loc":{"start":{"line":3,"column":7},"end":{"line":5,"column":1}},"line":3},"1":{"name":"invokeCmd","decl":{"start":{"line":10,"column":0},"end":{"line":35,"column":1}},"loc":{"start":{"line":10,"column":0},"end":{"line":35,"column":1}},"line":10},"2":{"name":"listenEvent","decl":{"start":{"line":40,"column":0},"end":{"line":65,"column":1}},"loc":{"start":{"line":40,"column":0},"end":{"line":65,"column":1}},"line":40},"3":{"name":"wrappedHandler","decl":{"start":{"line":56,"column":25},"end":{"line":56,"column":77}},"loc":{"start":{"line":56,"column":25},"end":{"line":56,"column":77}},"line":56},"4":{"name":"openUrl","decl":{"start":{"line":71,"column":0},"end":{"line":78,"column":1}},"loc":{"start":{"line":71,"column":0},"end":{"line":78,"column":1}},"line":71},"5":{"name":"triggerMockEvent","decl":{"start":{"line":80,"column":7},"end":{"line":85,"column":1}},"loc":{"start":{"line":80,"column":7},"end":{"line":85,"column":1}},"line":80}},"f":{"0":20,"1":5,"2":7,"3":5,"4":1,"5":5}}
}
